{"meta": {"format": 3, "version": "7.13.5", "timestamp": "2026-04-15T11:26:19.879813", "branch_coverage": false, "show_contexts": false}, "files": {"src/__init__.py": {"executed_lines": [], "summary": {"covered_lines": 0, "num_statements": 0, "percent_covered": 100.0, "percent_covered_display": "100", "missing_lines": 0, "excluded_lines": 0, "percent_statements_covered": 100.0, "percent_statements_covered_display": "100"}, "missing_lines": [], "excluded_lines": [], "functions": {"": {"executed_lines": [], "summary": {"covered_lines": 0, "num_statements": 0, "percent_covered": 100.0, "percent_covered_display": "100", "missing_lines": 0, "excluded_lines": 0, "percent_statements_covered": 100.0, "percent_statements_covered_display": "100"}, "missing_lines": [], "excluded_lines": [], "start_line": 1}}, "classes": {"": {"executed_lines": [], "summary": {"covered_lines": 0, "num_statements": 0, "percent_covered": 100.0, "percent_covered_display": "100", "missing_lines": 0, "excluded_lines": 0, "percent_statements_covered": 100.0, "percent_statements_covered_display": "100"}, "missing_lines": [], "excluded_lines": [], "start_line": 1}}}, "src/pyArchimate/__init__.py": {"executed_lines": [1, 2, 3, 4, 5, 6, 7, 8, 9, 10, 11], "summary": {"covered_lines": 11, "num_statements": 11, "percent_covered": 100.0, "percent_covered_display": "100", "missing_lines": 0, "excluded_lines": 0, "percent_statements_covered": 100.0, "percent_statements_covered_display": "100"}, "missing_lines": [], "excluded_lines": [], "functions": {"": {"executed_lines": [1, 2, 3, 4, 5, 6, 7, 8, 9, 10, 11], "summary": {"covered_lines": 11, "num_statements": 11, "percent_covered": 100.0, "percent_covered_display": "100", "missing_lines": 0, "excluded_lines": 0, "percent_statements_covered": 100.0, "percent_statements_covered_display": "100"}, "missing_lines": [], "excluded_lines": [], "start_line": 1}}, "classes": {"": {"executed_lines": [1, 2, 3, 4, 5, 6, 7, 8, 9, 10, 11], "summary": {"covered_lines": 11, "num_statements": 11, "percent_covered": 100.0, "percent_covered_display": "100", "missing_lines": 0, "excluded_lines": 0, "percent_statements_covered": 100.0, "percent_statements_covered_display": "100"}, "missing_lines": [], "excluded_lines": [], "start_line": 1}}}, "src/pyArchimate/constants.py": {"executed_lines": [10, 11, 12, 14, 19, 23, 32, 35, 38, 41, 44, 65, 66, 73, 74, 77, 79, 80, 83, 85, 86, 89, 96, 115, 116, 122, 124, 125, 126, 128, 129, 132, 133, 134, 135, 136, 137, 138, 139, 146, 151, 160, 161, 162, 163, 164, 166, 167, 169, 171, 172, 174, 175, 176, 177], "summary": {"covered_lines": 55, "num_statements": 59, "percent_covered": 93.22033898305085, "percent_covered_display": "93", "missing_lines": 4, "excluded_lines": 0, "percent_statements_covered": 93.22033898305085, "percent_statements_covered_display": "93"}, "missing_lines": [91, 92, 140, 142], "excluded_lines": [], "functions": {"_load_archimate_reader": {"executed_lines": [79, 80], "summary": {"covered_lines": 2, "num_statements": 2, "percent_covered": 100.0, "percent_covered_display": "100", "missing_lines": 0, "excluded_lines": 0, "percent_statements_covered": 100.0, "percent_statements_covered_display": "100"}, "missing_lines": [], "excluded_lines": [], "start_line": 77}, "_load_archi_reader": {"executed_lines": [85, 86], "summary": {"covered_lines": 2, "num_statements": 2, "percent_covered": 100.0, "percent_covered_display": "100", "missing_lines": 0, "excluded_lines": 0, "percent_statements_covered": 100.0, "percent_statements_covered_display": "100"}, "missing_lines": [], "excluded_lines": [], "start_line": 83}, "_load_aris_reader": {"executed_lines": [], "summary": {"covered_lines": 0, "num_statements": 2, "percent_covered": 0.0, "percent_covered_display": "0", "missing_lines": 2, "excluded_lines": 0, "percent_statements_covered": 0.0, "percent_statements_covered_display": "0"}, "missing_lines": [91, 92], "excluded_lines": [], "start_line": 89}, "_initialize_archimate_metadata": {"executed_lines": [124, 125, 126, 128, 129, 132, 133, 134, 135, 136, 137, 138, 139], "summary": {"covered_lines": 13, "num_statements": 15, "percent_covered": 86.66666666666667, "percent_covered_display": "87", "missing_lines": 2, "excluded_lines": 0, "percent_statements_covered": 86.66666666666667, "percent_statements_covered_display": "87"}, "missing_lines": [140, 142], "excluded_lines": [], "start_line": 122}, "RGBA.__init__": {"executed_lines": [161, 162, 163, 164], "summary": {"covered_lines": 4, "num_statements": 4, "percent_covered": 100.0, "percent_covered_display": "100", "missing_lines": 0, "excluded_lines": 0, "percent_statements_covered": 100.0, "percent_statements_covered_display": "100"}, "missing_lines": [], "excluded_lines": [], "start_line": 160}, "RGBA.color": {"executed_lines": [174, 175, 176, 177], "summary": {"covered_lines": 4, "num_statements": 4, "percent_covered": 100.0, "percent_covered_display": "100", "missing_lines": 0, "excluded_lines": 0, "percent_statements_covered": 100.0, "percent_statements_covered_display": "100"}, "missing_lines": [], "excluded_lines": [], "start_line": 172}, "": {"executed_lines": [10, 11, 12, 14, 19, 23, 32, 35, 38, 41, 44, 65, 66, 73, 74, 77, 83, 89, 96, 115, 116, 122, 146, 151, 160, 166, 167, 171, 172], "summary": {"covered_lines": 29, "num_statements": 29, "percent_covered": 100.0, "percent_covered_display": "100", "missing_lines": 0, "excluded_lines": 0, "percent_statements_covered": 100.0, "percent_statements_covered_display": "100"}, "missing_lines": [], "excluded_lines": [], "start_line": 1}}, "classes": {"ReaderEntry": {"executed_lines": [], "summary": {"covered_lines": 0, "num_statements": 0, "percent_covered": 100.0, "percent_covered_display": "100", "missing_lines": 0, "excluded_lines": 0, "percent_statements_covered": 100.0, "percent_statements_covered_display": "100"}, "missing_lines": [], "excluded_lines": [], "start_line": 66}, "RGBA": {"executed_lines": [161, 162, 163, 164, 169, 174, 175, 176, 177], "summary": {"covered_lines": 9, "num_statements": 9, "percent_covered": 100.0, "percent_covered_display": "100", "missing_lines": 0, "excluded_lines": 0, "percent_statements_covered": 100.0, "percent_statements_covered_display": "100"}, "missing_lines": [], "excluded_lines": [], "start_line": 151}, "": {"executed_lines": [10, 11, 12, 14, 19, 23, 32, 35, 38, 41, 44, 65, 66, 73, 74, 77, 79, 80, 83, 85, 86, 89, 96, 115, 116, 122, 124, 125, 126, 128, 129, 132, 133, 134, 135, 136, 137, 138, 139, 146, 151, 160, 166, 167, 171, 172], "summary": {"covered_lines": 46, "num_statements": 50, "percent_covered": 92.0, "percent_covered_display": "92", "missing_lines": 4, "excluded_lines": 0, "percent_statements_covered": 92.0, "percent_statements_covered_display": "92"}, "missing_lines": [91, 92, 140, 142], "excluded_lines": [], "start_line": 1}}}, "src/pyArchimate/element.py": {"executed_lines": [3, 5, 6, 7, 13, 30, 32, 33, 34, 35, 36, 39, 49, 51, 52, 53, 54, 55, 56, 59, 85, 88, 89, 90, 92, 93, 97, 98, 99, 100, 101, 102, 103, 104, 105, 106, 108, 117, 120, 121, 126, 127, 128, 129, 132, 133, 135, 136, 143, 145, 146, 153, 155, 156, 171, 172, 182, 183, 184, 186, 188, 189, 198, 199, 200, 202, 204, 218, 219, 220, 223, 224, 226, 227, 229, 230, 237, 239, 250, 251, 253, 254, 256, 267, 278, 282, 283, 284, 285, 288, 292, 293, 296, 297, 299, 303, 305, 324, 343, 366, 374], "summary": {"covered_lines": 101, "num_statements": 124, "percent_covered": 81.45161290322581, "percent_covered_display": "81", "missing_lines": 23, "excluded_lines": 2, "percent_statements_covered": 81.45161290322581, "percent_statements_covered_display": "81"}, "missing_lines": [91, 94, 122, 123, 166, 167, 168, 169, 264, 265, 279, 289, 300, 315, 316, 318, 334, 335, 337, 353, 354, 360, 371], "excluded_lines": [9, 10], "functions": {"_is_valid_uuid": {"executed_lines": [30, 32, 33, 34, 35, 36], "summary": {"covered_lines": 6, "num_statements": 6, "percent_covered": 100.0, "percent_covered_display": "100", "missing_lines": 0, "excluded_lines": 0, "percent_statements_covered": 100.0, "percent_statements_covered_display": "100"}, "missing_lines": [], "excluded_lines": [], "start_line": 13}, "set_id": {"executed_lines": [49, 51, 52, 53, 54, 55, 56], "summary": {"covered_lines": 7, "num_statements": 7, "percent_covered": 100.0, "percent_covered_display": "100", "missing_lines": 0, "excluded_lines": 0, "percent_statements_covered": 100.0, "percent_statements_covered_display": "100"}, "missing_lines": [], "excluded_lines": [], "start_line": 39}, "Element.__init__": {"executed_lines": [88, 89, 90, 92, 93, 97, 98, 99, 100, 101, 102, 103, 104, 105, 106], "summary": {"covered_lines": 15, "num_statements": 17, "percent_covered": 88.23529411764706, "percent_covered_display": "88", "missing_lines": 2, "excluded_lines": 0, "percent_statements_covered": 88.23529411764706, "percent_statements_covered_display": "88"}, "missing_lines": [91, 94], "excluded_lines": [], "start_line": 85}, "Element.delete": {"executed_lines": [117, 120, 121, 126, 127, 128, 129, 132, 133], "summary": {"covered_lines": 9, "num_statements": 11, "percent_covered": 81.81818181818181, "percent_covered_display": "82", "missing_lines": 2, "excluded_lines": 0, "percent_statements_covered": 81.81818181818181, "percent_statements_covered_display": "82"}, "missing_lines": [122, 123], "excluded_lines": [], "start_line": 108}, "Element.uuid": {"executed_lines": [143], "summary": {"covered_lines": 1, "num_statements": 1, "percent_covered": 100.0, "percent_covered_display": "100", "missing_lines": 0, "excluded_lines": 0, "percent_statements_covered": 100.0, "percent_statements_covered_display": "100"}, "missing_lines": [], "excluded_lines": [], "start_line": 136}, "Element.type": {"executed_lines": [], "summary": {"covered_lines": 0, "num_statements": 4, "percent_covered": 0.0, "percent_covered_display": "0", "missing_lines": 4, "excluded_lines": 0, "percent_statements_covered": 0.0, "percent_statements_covered_display": "0"}, "missing_lines": [166, 167, 168, 169], "excluded_lines": [], "start_line": 156}, "Element.profile_name": {"executed_lines": [182, 183, 184, 186], "summary": {"covered_lines": 4, "num_statements": 4, "percent_covered": 100.0, "percent_covered_display": "100", "missing_lines": 0, "excluded_lines": 0, "percent_statements_covered": 100.0, "percent_statements_covered_display": "100"}, "missing_lines": [], "excluded_lines": [], "start_line": 172}, "Element.profile_id": {"executed_lines": [198, 199, 200, 202], "summary": {"covered_lines": 4, "num_statements": 4, "percent_covered": 100.0, "percent_covered_display": "100", "missing_lines": 0, "excluded_lines": 0, "percent_statements_covered": 100.0, "percent_statements_covered_display": "100"}, "missing_lines": [], "excluded_lines": [], "start_line": 189}, "Element.set_profile": {"executed_lines": [218, 219, 220, 223, 224], "summary": {"covered_lines": 5, "num_statements": 5, "percent_covered": 100.0, "percent_covered_display": "100", "missing_lines": 0, "excluded_lines": 0, "percent_statements_covered": 100.0, "percent_statements_covered_display": "100"}, "missing_lines": [], "excluded_lines": [], "start_line": 204}, "Element.reset_profile": {"executed_lines": [227], "summary": {"covered_lines": 1, "num_statements": 1, "percent_covered": 100.0, "percent_covered_display": "100", "missing_lines": 0, "excluded_lines": 0, "percent_statements_covered": 100.0, "percent_statements_covered_display": "100"}, "missing_lines": [], "excluded_lines": [], "start_line": 226}, "Element.props": {"executed_lines": [237], "summary": {"covered_lines": 1, "num_statements": 1, "percent_covered": 100.0, "percent_covered_display": "100", "missing_lines": 0, "excluded_lines": 0, "percent_statements_covered": 100.0, "percent_statements_covered_display": "100"}, "missing_lines": [], "excluded_lines": [], "start_line": 230}, "Element.prop": {"executed_lines": [250, 251, 253, 254], "summary": {"covered_lines": 4, "num_statements": 4, "percent_covered": 100.0, "percent_covered_display": "100", "missing_lines": 0, "excluded_lines": 0, "percent_statements_covered": 100.0, "percent_statements_covered_display": "100"}, "missing_lines": [], "excluded_lines": [], "start_line": 239}, "Element.remove_prop": {"executed_lines": [], "summary": {"covered_lines": 0, "num_statements": 2, "percent_covered": 0.0, "percent_covered_display": "0", "missing_lines": 2, "excluded_lines": 0, "percent_statements_covered": 0.0, "percent_statements_covered_display": "0"}, "missing_lines": [264, 265], "excluded_lines": [], "start_line": 256}, "Element.merge": {"executed_lines": [278, 282, 283, 284, 285, 288, 292, 293, 296, 297, 299, 303], "summary": {"covered_lines": 12, "num_statements": 15, "percent_covered": 80.0, "percent_covered_display": "80", "missing_lines": 3, "excluded_lines": 0, "percent_statements_covered": 80.0, "percent_statements_covered_display": "80"}, "missing_lines": [279, 289, 300], "excluded_lines": [], "start_line": 267}, "Element.in_rels": {"executed_lines": [], "summary": {"covered_lines": 0, "num_statements": 3, "percent_covered": 0.0, "percent_covered_display": "0", "missing_lines": 3, "excluded_lines": 0, "percent_statements_covered": 0.0, "percent_statements_covered_display": "0"}, "missing_lines": [315, 316, 318], "excluded_lines": [], "start_line": 305}, "Element.out_rels": {"executed_lines": [], "summary": {"covered_lines": 0, "num_statements": 3, "percent_covered": 0.0, "percent_covered_display": "0", "missing_lines": 3, "excluded_lines": 0, "percent_statements_covered": 0.0, "percent_statements_covered_display": "0"}, "missing_lines": [334, 335, 337], "excluded_lines": [], "start_line": 324}, "Element.rels": {"executed_lines": [], "summary": {"covered_lines": 0, "num_statements": 3, "percent_covered": 0.0, "percent_covered_display": "0", "missing_lines": 3, "excluded_lines": 0, "percent_statements_covered": 0.0, "percent_statements_covered_display": "0"}, "missing_lines": [353, 354, 360], "excluded_lines": [], "start_line": 343}, "Element.remove_folder": {"executed_lines": [], "summary": {"covered_lines": 0, "num_statements": 1, "percent_covered": 0.0, "percent_covered_display": "0", "missing_lines": 1, "excluded_lines": 0, "percent_statements_covered": 0.0, "percent_statements_covered_display": "0"}, "missing_lines": [371], "excluded_lines": [], "start_line": 366}, "": {"executed_lines": [3, 5, 6, 7, 13, 39, 59, 85, 108, 135, 136, 145, 146, 155, 156, 171, 172, 188, 189, 204, 226, 229, 230, 239, 256, 267, 305, 324, 343, 366, 374], "summary": {"covered_lines": 31, "num_statements": 31, "percent_covered": 100.0, "percent_covered_display": "100", "missing_lines": 0, "excluded_lines": 2, "percent_statements_covered": 100.0, "percent_statements_covered_display": "100"}, "missing_lines": [], "excluded_lines": [9, 10], "start_line": 1}}, "classes": {"Element": {"executed_lines": [88, 89, 90, 92, 93, 97, 98, 99, 100, 101, 102, 103, 104, 105, 106, 117, 120, 121, 126, 127, 128, 129, 132, 133, 143, 153, 182, 183, 184, 186, 198, 199, 200, 202, 218, 219, 220, 223, 224, 227, 237, 250, 251, 253, 254, 278, 282, 283, 284, 285, 288, 292, 293, 296, 297, 299, 303], "summary": {"covered_lines": 57, "num_statements": 80, "percent_covered": 71.25, "percent_covered_display": "71", "missing_lines": 23, "excluded_lines": 0, "percent_statements_covered": 71.25, "percent_statements_covered_display": "71"}, "missing_lines": [91, 94, 122, 123, 166, 167, 168, 169, 264, 265, 279, 289, 300, 315, 316, 318, 334, 335, 337, 353, 354, 360, 371], "excluded_lines": [], "start_line": 59}, "": {"executed_lines": [3, 5, 6, 7, 13, 30, 32, 33, 34, 35, 36, 39, 49, 51, 52, 53, 54, 55, 56, 59, 85, 108, 135, 136, 145, 146, 155, 156, 171, 172, 188, 189, 204, 226, 229, 230, 239, 256, 267, 305, 324, 343, 366, 374], "summary": {"covered_lines": 44, "num_statements": 44, "percent_covered": 100.0, "percent_covered_display": "100", "missing_lines": 0, "excluded_lines": 2, "percent_statements_covered": 100.0, "percent_statements_covered_display": "100"}, "missing_lines": [], "excluded_lines": [9, 10], "start_line": 1}}}, "src/pyArchimate/enums.py": {"executed_lines": [10, 13, 18, 19, 20, 23, 28, 29, 30, 33, 38, 39, 40, 41, 44, 49, 50, 51, 54, 59, 60, 61, 64, 70, 71, 72, 73, 74, 75, 76, 77, 78, 79, 80, 81, 82, 86, 87, 88, 89, 90, 91, 92, 93, 94, 98, 99, 100, 101, 102, 103, 104, 105, 106, 107, 108, 109, 110, 114, 115, 116, 117, 121, 122, 123, 124, 125, 126, 127, 128, 129, 130, 134, 135, 136, 137, 141, 142, 143, 144, 145, 149, 150, 154, 155, 156, 160, 161, 162, 163, 164, 165, 166, 167, 168, 169, 170, 173], "summary": {"covered_lines": 98, "num_statements": 98, "percent_covered": 100.0, "percent_covered_display": "100", "missing_lines": 0, "excluded_lines": 0, "percent_statements_covered": 100.0, "percent_statements_covered_display": "100"}, "missing_lines": [], "excluded_lines": [], "functions": {"": {"executed_lines": [10, 13, 18, 19, 20, 23, 28, 29, 30, 33, 38, 39, 40, 41, 44, 49, 50, 51, 54, 59, 60, 61, 64, 70, 71, 72, 73, 74, 75, 76, 77, 78, 79, 80, 81, 82, 86, 87, 88, 89, 90, 91, 92, 93, 94, 98, 99, 100, 101, 102, 103, 104, 105, 106, 107, 108, 109, 110, 114, 115, 116, 117, 121, 122, 123, 124, 125, 126, 127, 128, 129, 130, 134, 135, 136, 137, 141, 142, 143, 144, 145, 149, 150, 154, 155, 156, 160, 161, 162, 163, 164, 165, 166, 167, 168, 169, 170, 173], "summary": {"covered_lines": 98, "num_statements": 98, "percent_covered": 100.0, "percent_covered_display": "100", "missing_lines": 0, "excluded_lines": 0, "percent_statements_covered": 100.0, "percent_statements_covered_display": "100"}, "missing_lines": [], "excluded_lines": [], "start_line": 1}}, "classes": {"Writers": {"executed_lines": [], "summary": {"covered_lines": 0, "num_statements": 0, "percent_covered": 100.0, "percent_covered_display": "100", "missing_lines": 0, "excluded_lines": 0, "percent_statements_covered": 100.0, "percent_statements_covered_display": "100"}, "missing_lines": [], "excluded_lines": [], "start_line": 13}, "Readers": {"executed_lines": [], "summary": {"covered_lines": 0, "num_statements": 0, "percent_covered": 100.0, "percent_covered_display": "100", "missing_lines": 0, "excluded_lines": 0, "percent_statements_covered": 100.0, "percent_statements_covered_display": "100"}, "missing_lines": [], "excluded_lines": [], "start_line": 23}, "AccessType": {"executed_lines": [], "summary": {"covered_lines": 0, "num_statements": 0, "percent_covered": 100.0, "percent_covered_display": "100", "missing_lines": 0, "excluded_lines": 0, "percent_statements_covered": 100.0, "percent_statements_covered_display": "100"}, "missing_lines": [], "excluded_lines": [], "start_line": 33}, "TextPosition": {"executed_lines": [], "summary": {"covered_lines": 0, "num_statements": 0, "percent_covered": 100.0, "percent_covered_display": "100", "missing_lines": 0, "excluded_lines": 0, "percent_statements_covered": 100.0, "percent_statements_covered_display": "100"}, "missing_lines": [], "excluded_lines": [], "start_line": 44}, "TextAlignment": {"executed_lines": [], "summary": {"covered_lines": 0, "num_statements": 0, "percent_covered": 100.0, "percent_covered_display": "100", "missing_lines": 0, "excluded_lines": 0, "percent_statements_covered": 100.0, "percent_statements_covered_display": "100"}, "missing_lines": [], "excluded_lines": [], "start_line": 54}, "ArchiType": {"executed_lines": [], "summary": {"covered_lines": 0, "num_statements": 0, "percent_covered": 100.0, "percent_covered_display": "100", "missing_lines": 0, "excluded_lines": 0, "percent_statements_covered": 100.0, "percent_statements_covered_display": "100"}, "missing_lines": [], "excluded_lines": [], "start_line": 64}, "": {"executed_lines": [10, 13, 18, 19, 20, 23, 28, 29, 30, 33, 38, 39, 40, 41, 44, 49, 50, 51, 54, 59, 60, 61, 64, 70, 71, 72, 73, 74, 75, 76, 77, 78, 79, 80, 81, 82, 86, 87, 88, 89, 90, 91, 92, 93, 94, 98, 99, 100, 101, 102, 103, 104, 105, 106, 107, 108, 109, 110, 114, 115, 116, 117, 121, 122, 123, 124, 125, 126, 127, 128, 129, 130, 134, 135, 136, 137, 141, 142, 143, 144, 145, 149, 150, 154, 155, 156, 160, 161, 162, 163, 164, 165, 166, 167, 168, 169, 170, 173], "summary": {"covered_lines": 98, "num_statements": 98, "percent_covered": 100.0, "percent_covered_display": "100", "missing_lines": 0, "excluded_lines": 0, "percent_statements_covered": 100.0, "percent_statements_covered_display": "100"}, "missing_lines": [], "excluded_lines": [], "start_line": 1}}}, "src/pyArchimate/exceptions.py": {"executed_lines": [10, 14, 17, 22, 25], "summary": {"covered_lines": 5, "num_statements": 5, "percent_covered": 100.0, "percent_covered_display": "100", "missing_lines": 0, "excluded_lines": 0, "percent_statements_covered": 100.0, "percent_statements_covered_display": "100"}, "missing_lines": [], "excluded_lines": [], "functions": {"": {"executed_lines": [10, 14, 17, 22, 25], "summary": {"covered_lines": 5, "num_statements": 5, "percent_covered": 100.0, "percent_covered_display": "100", "missing_lines": 0, "excluded_lines": 0, "percent_statements_covered": 100.0, "percent_statements_covered_display": "100"}, "missing_lines": [], "excluded_lines": [], "start_line": 1}}, "classes": {"ArchimateError": {"executed_lines": [], "summary": {"covered_lines": 0, "num_statements": 0, "percent_covered": 100.0, "percent_covered_display": "100", "missing_lines": 0, "excluded_lines": 0, "percent_statements_covered": 100.0, "percent_statements_covered_display": "100"}, "missing_lines": [], "excluded_lines": [], "start_line": 10}, "ArchimateRelationshipError": {"executed_lines": [], "summary": {"covered_lines": 0, "num_statements": 0, "percent_covered": 100.0, "percent_covered_display": "100", "missing_lines": 0, "excluded_lines": 0, "percent_statements_covered": 100.0, "percent_statements_covered_display": "100"}, "missing_lines": [], "excluded_lines": [], "start_line": 17}, "ArchimateConceptTypeError": {"executed_lines": [], "summary": {"covered_lines": 0, "num_statements": 0, "percent_covered": 100.0, "percent_covered_display": "100", "missing_lines": 0, "excluded_lines": 0, "percent_statements_covered": 100.0, "percent_statements_covered_display": "100"}, "missing_lines": [], "excluded_lines": [], "start_line": 25}, "": {"executed_lines": [10, 14, 17, 22, 25], "summary": {"covered_lines": 5, "num_statements": 5, "percent_covered": 100.0, "percent_covered_display": "100", "missing_lines": 0, "excluded_lines": 0, "percent_statements_covered": 100.0, "percent_statements_covered_display": "100"}, "missing_lines": [], "excluded_lines": [], "start_line": 1}}}, "src/pyArchimate/helpers/__init__.py": {"executed_lines": [3, 4, 5, 7], "summary": {"covered_lines": 4, "num_statements": 4, "percent_covered": 100.0, "percent_covered_display": "100", "missing_lines": 0, "excluded_lines": 0, "percent_statements_covered": 100.0, "percent_statements_covered_display": "100"}, "missing_lines": [], "excluded_lines": [], "functions": {"": {"executed_lines": [3, 4, 5, 7], "summary": {"covered_lines": 4, "num_statements": 4, "percent_covered": 100.0, "percent_covered_display": "100", "missing_lines": 0, "excluded_lines": 0, "percent_statements_covered": 100.0, "percent_statements_covered_display": "100"}, "missing_lines": [], "excluded_lines": [], "start_line": 1}}, "classes": {"": {"executed_lines": [3, 4, 5, 7], "summary": {"covered_lines": 4, "num_statements": 4, "percent_covered": 100.0, "percent_covered_display": "100", "missing_lines": 0, "excluded_lines": 0, "percent_statements_covered": 100.0, "percent_statements_covered_display": "100"}, "missing_lines": [], "excluded_lines": [], "start_line": 1}}}, "src/pyArchimate/helpers/diagram.py": {"executed_lines": [4, 9, 14], "summary": {"covered_lines": 3, "num_statements": 5, "percent_covered": 60.0, "percent_covered_display": "60", "missing_lines": 2, "excluded_lines": 0, "percent_statements_covered": 60.0, "percent_statements_covered_display": "60"}, "missing_lines": [6, 11], "excluded_lines": [], "functions": {"get_or_create_node": {"executed_lines": [], "summary": {"covered_lines": 0, "num_statements": 1, "percent_covered": 0.0, "percent_covered_display": "0", "missing_lines": 1, "excluded_lines": 0, "percent_statements_covered": 0.0, "percent_statements_covered_display": "0"}, "missing_lines": [6], "excluded_lines": [], "start_line": 4}, "get_or_create_connection": {"executed_lines": [], "summary": {"covered_lines": 0, "num_statements": 1, "percent_covered": 0.0, "percent_covered_display": "0", "missing_lines": 1, "excluded_lines": 0, "percent_statements_covered": 0.0, "percent_statements_covered_display": "0"}, "missing_lines": [11], "excluded_lines": [], "start_line": 9}, "": {"executed_lines": [4, 9, 14], "summary": {"covered_lines": 3, "num_statements": 3, "percent_covered": 100.0, "percent_covered_display": "100", "missing_lines": 0, "excluded_lines": 0, "percent_statements_covered": 100.0, "percent_statements_covered_display": "100"}, "missing_lines": [], "excluded_lines": [], "start_line": 1}}, "classes": {"": {"executed_lines": [4, 9, 14], "summary": {"covered_lines": 3, "num_statements": 5, "percent_covered": 60.0, "percent_covered_display": "60", "missing_lines": 2, "excluded_lines": 0, "percent_statements_covered": 60.0, "percent_statements_covered_display": "60"}, "missing_lines": [6, 11], "excluded_lines": [], "start_line": 1}}}, "src/pyArchimate/helpers/logging.py": {"executed_lines": [3, 4, 8], "summary": {"covered_lines": 3, "num_statements": 5, "percent_covered": 60.0, "percent_covered_display": "60", "missing_lines": 2, "excluded_lines": 0, "percent_statements_covered": 60.0, "percent_statements_covered_display": "60"}, "missing_lines": [5, 6], "excluded_lines": [], "functions": {"": {"executed_lines": [3, 4, 8], "summary": {"covered_lines": 3, "num_statements": 5, "percent_covered": 60.0, "percent_covered_display": "60", "missing_lines": 2, "excluded_lines": 0, "percent_statements_covered": 60.0, "percent_statements_covered_display": "60"}, "missing_lines": [5, 6], "excluded_lines": [], "start_line": 1}}, "classes": {"": {"executed_lines": [3, 4, 8], "summary": {"covered_lines": 3, "num_statements": 5, "percent_covered": 60.0, "percent_covered_display": "60", "missing_lines": 2, "excluded_lines": 0, "percent_statements_covered": 60.0, "percent_statements_covered_display": "60"}, "missing_lines": [5, 6], "excluded_lines": [], "start_line": 1}}}, "src/pyArchimate/helpers/properties.py": {"executed_lines": [4, 9, 14, 19, 24], "summary": {"covered_lines": 5, "num_statements": 9, "percent_covered": 55.55555555555556, "percent_covered_display": "56", "missing_lines": 4, "excluded_lines": 0, "percent_statements_covered": 55.55555555555556, "percent_statements_covered_display": "56"}, "missing_lines": [6, 11, 16, 21], "excluded_lines": [], "functions": {"embed_props": {"executed_lines": [], "summary": {"covered_lines": 0, "num_statements": 1, "percent_covered": 0.0, "percent_covered_display": "0", "missing_lines": 1, "excluded_lines": 0, "percent_statements_covered": 0.0, "percent_statements_covered_display": "0"}, "missing_lines": [6], "excluded_lines": [], "start_line": 4}, "expand_props": {"executed_lines": [], "summary": {"covered_lines": 0, "num_statements": 1, "percent_covered": 0.0, "percent_covered_display": "0", "missing_lines": 1, "excluded_lines": 0, "percent_statements_covered": 0.0, "percent_statements_covered_display": "0"}, "missing_lines": [11], "excluded_lines": [], "start_line": 9}, "check_invalid_conn": {"executed_lines": [], "summary": {"covered_lines": 0, "num_statements": 1, "percent_covered": 0.0, "percent_covered_display": "0", "missing_lines": 1, "excluded_lines": 0, "percent_statements_covered": 0.0, "percent_statements_covered_display": "0"}, "missing_lines": [16], "excluded_lines": [], "start_line": 14}, "check_invalid_nodes": {"executed_lines": [], "summary": {"covered_lines": 0, "num_statements": 1, "percent_covered": 0.0, "percent_covered_display": "0", "missing_lines": 1, "excluded_lines": 0, "percent_statements_covered": 0.0, "percent_statements_covered_display": "0"}, "missing_lines": [21], "excluded_lines": [], "start_line": 19}, "": {"executed_lines": [4, 9, 14, 19, 24], "summary": {"covered_lines": 5, "num_statements": 5, "percent_covered": 100.0, "percent_covered_display": "100", "missing_lines": 0, "excluded_lines": 0, "percent_statements_covered": 100.0, "percent_statements_covered_display": "100"}, "missing_lines": [], "excluded_lines": [], "start_line": 1}}, "classes": {"": {"executed_lines": [4, 9, 14, 19, 24], "summary": {"covered_lines": 5, "num_statements": 9, "percent_covered": 55.55555555555556, "percent_covered_display": "56", "missing_lines": 4, "excluded_lines": 0, "percent_statements_covered": 55.55555555555556, "percent_statements_covered_display": "56"}, "missing_lines": [6, 11, 16, 21], "excluded_lines": [], "start_line": 1}}}, "src/pyArchimate/logger.py": {"executed_lines": [1, 2, 4, 5, 6, 11, 17, 18, 19, 21, 24, 46, 51, 52, 53, 54, 55], "summary": {"covered_lines": 17, "num_statements": 24, "percent_covered": 70.83333333333333, "percent_covered_display": "71", "missing_lines": 7, "excluded_lines": 0, "percent_statements_covered": 70.83333333333333, "percent_statements_covered_display": "71"}, "missing_lines": [20, 31, 32, 40, 41, 42, 43], "excluded_lines": [], "functions": {"log_set_level": {"executed_lines": [17, 18, 19, 21], "summary": {"covered_lines": 4, "num_statements": 5, "percent_covered": 80.0, "percent_covered_display": "80", "missing_lines": 1, "excluded_lines": 0, "percent_statements_covered": 80.0, "percent_statements_covered_display": "80"}, "missing_lines": [20], "excluded_lines": [], "start_line": 11}, "log_to_file": {"executed_lines": [], "summary": {"covered_lines": 0, "num_statements": 6, "percent_covered": 0.0, "percent_covered_display": "0", "missing_lines": 6, "excluded_lines": 0, "percent_statements_covered": 0.0, "percent_statements_covered_display": "0"}, "missing_lines": [31, 32, 40, 41, 42, 43], "excluded_lines": [], "start_line": 24}, "log_to_stderr": {"executed_lines": [51, 52, 53, 54, 55], "summary": {"covered_lines": 5, "num_statements": 5, "percent_covered": 100.0, "percent_covered_display": "100", "missing_lines": 0, "excluded_lines": 0, "percent_statements_covered": 100.0, "percent_statements_covered_display": "100"}, "missing_lines": [], "excluded_lines": [], "start_line": 46}, "": {"executed_lines": [1, 2, 4, 5, 6, 11, 24, 46], "summary": {"covered_lines": 8, "num_statements": 8, "percent_covered": 100.0, "percent_covered_display": "100", "missing_lines": 0, "excluded_lines": 0, "percent_statements_covered": 100.0, "percent_statements_covered_display": "100"}, "missing_lines": [], "excluded_lines": [], "start_line": 1}}, "classes": {"": {"executed_lines": [1, 2, 4, 5, 6, 11, 17, 18, 19, 21, 24, 46, 51, 52, 53, 54, 55], "summary": {"covered_lines": 17, "num_statements": 24, "percent_covered": 70.83333333333333, "percent_covered_display": "71", "missing_lines": 7, "excluded_lines": 0, "percent_statements_covered": 70.83333333333333, "percent_statements_covered_display": "71"}, "missing_lines": [20, 31, 32, 40, 41, 42, 43], "excluded_lines": [], "start_line": 1}}}, "src/pyArchimate/model.py": {"executed_lines": [3, 4, 5, 6, 7, 8, 10, 12, 18, 19, 20, 21, 22, 27, 28, 30, 32, 34, 36, 37, 38, 39, 42, 52, 55, 58, 59, 61, 62, 63, 64, 70, 73, 96, 98, 99, 100, 101, 102, 103, 104, 105, 106, 107, 108, 109, 110, 111, 120, 138, 139, 140, 141, 143, 144, 145, 147, 173, 174, 177, 178, 180, 181, 188, 190, 191, 199, 200, 211, 213, 230, 231, 232, 234, 235, 236, 237, 240, 241, 248, 250, 261, 262, 264, 265, 267, 275, 276, 278, 279, 286, 288, 289, 296, 298, 299, 306, 308, 309, 315, 317, 318, 324, 326, 337, 338, 339, 341, 342, 343, 344, 349, 350, 351, 352, 353, 354, 357, 358, 359, 360, 361, 362, 365, 366, 368, 381, 382, 384, 385, 386, 388, 397, 398, 400, 403, 405, 414, 416, 427, 429, 431, 432, 436, 468, 477, 479, 490, 499, 501, 524, 551, 555, 557, 559, 566, 571, 573, 574, 580, 591, 592, 593, 595, 596, 601, 603, 613, 615, 622, 625, 626, 639, 641, 643, 645, 646, 647, 651, 652, 654, 655, 656, 657, 659, 665, 667, 668, 669, 670, 671, 672, 673, 687, 688, 690, 692, 693, 694, 696, 698, 699, 700, 701, 702, 704, 705, 707, 708, 709, 710, 712, 716, 718, 719, 721, 723, 733, 735, 739, 742, 745, 748, 752, 755, 758, 759, 762, 763, 764, 767, 769, 771, 777, 778, 779, 780, 781, 782, 783, 784, 785, 787, 793, 794, 795, 796, 797, 800], "summary": {"covered_lines": 249, "num_statements": 335, "percent_covered": 74.32835820895522, "percent_covered_display": "74", "missing_lines": 86, "excluded_lines": 2, "percent_statements_covered": 74.32835820895522, "percent_statements_covered_display": "74"}, "missing_lines": [66, 67, 68, 69, 197, 238, 345, 346, 347, 355, 363, 364, 383, 399, 401, 402, 428, 430, 434, 451, 452, 453, 454, 455, 456, 457, 458, 459, 460, 462, 463, 464, 465, 466, 488, 514, 515, 516, 517, 518, 519, 520, 522, 552, 556, 558, 560, 572, 578, 594, 598, 600, 648, 649, 653, 674, 675, 676, 677, 678, 679, 680, 681, 682, 683, 684, 685, 686, 706, 720, 736, 737, 740, 741, 743, 744, 746, 747, 749, 750, 753, 754, 756, 757, 760, 765], "excluded_lines": [24, 25], "functions": {"_get_relationship_class": {"executed_lines": [36, 37, 38, 39], "summary": {"covered_lines": 4, "num_statements": 4, "percent_covered": 100.0, "percent_covered_display": "100", "missing_lines": 0, "excluded_lines": 0, "percent_statements_covered": 100.0, "percent_statements_covered_display": "100"}, "missing_lines": [], "excluded_lines": [], "start_line": 34}, "default_color": {"executed_lines": [52, 55, 58, 59, 61, 62, 63, 64, 70], "summary": {"covered_lines": 9, "num_statements": 13, "percent_covered": 69.23076923076923, "percent_covered_display": "69", "missing_lines": 4, "excluded_lines": 0, "percent_statements_covered": 69.23076923076923, "percent_statements_covered_display": "69"}, "missing_lines": [66, 67, 68, 69], "excluded_lines": [], "start_line": 42}, "Model.__init__": {"executed_lines": [98, 99, 100, 101, 102, 103, 104, 105, 106, 107, 108, 109, 110, 111], "summary": {"covered_lines": 14, "num_statements": 14, "percent_covered": 100.0, "percent_covered_display": "100", "missing_lines": 0, "excluded_lines": 0, "percent_statements_covered": 100.0, "percent_statements_covered_display": "100"}, "missing_lines": [], "excluded_lines": [], "start_line": 96}, "Model.add": {"executed_lines": [138, 139, 140, 141, 143, 144, 145], "summary": {"covered_lines": 7, "num_statements": 7, "percent_covered": 100.0, "percent_covered_display": "100", "missing_lines": 0, "excluded_lines": 0, "percent_statements_covered": 100.0, "percent_statements_covered_display": "100"}, "missing_lines": [], "excluded_lines": [], "start_line": 120}, "Model.add_relationship": {"executed_lines": [173, 174, 177, 178], "summary": {"covered_lines": 4, "num_statements": 4, "percent_covered": 100.0, "percent_covered_display": "100", "missing_lines": 0, "excluded_lines": 0, "percent_statements_covered": 100.0, "percent_statements_covered_display": "100"}, "missing_lines": [], "excluded_lines": [], "start_line": 147}, "Model.uuid": {"executed_lines": [188], "summary": {"covered_lines": 1, "num_statements": 1, "percent_covered": 100.0, "percent_covered_display": "100", "missing_lines": 0, "excluded_lines": 0, "percent_statements_covered": 100.0, "percent_statements_covered_display": "100"}, "missing_lines": [], "excluded_lines": [], "start_line": 181}, "Model.type": {"executed_lines": [], "summary": {"covered_lines": 0, "num_statements": 1, "percent_covered": 0.0, "percent_covered_display": "0", "missing_lines": 1, "excluded_lines": 0, "percent_statements_covered": 0.0, "percent_statements_covered_display": "0"}, "missing_lines": [197], "excluded_lines": [], "start_line": 191}, "Model.profiles": {"executed_lines": [211], "summary": {"covered_lines": 1, "num_statements": 1, "percent_covered": 100.0, "percent_covered_display": "100", "missing_lines": 0, "excluded_lines": 0, "percent_statements_covered": 100.0, "percent_statements_covered_display": "100"}, "missing_lines": [], "excluded_lines": [], "start_line": 200}, "Model.add_profile": {"executed_lines": [230, 231, 232], "summary": {"covered_lines": 3, "num_statements": 3, "percent_covered": 100.0, "percent_covered_display": "100", "missing_lines": 0, "excluded_lines": 0, "percent_statements_covered": 100.0, "percent_statements_covered_display": "100"}, "missing_lines": [], "excluded_lines": [], "start_line": 213}, "Model.get_profile": {"executed_lines": [235, 236, 237], "summary": {"covered_lines": 3, "num_statements": 4, "percent_covered": 75.0, "percent_covered_display": "75", "missing_lines": 1, "excluded_lines": 0, "percent_statements_covered": 75.0, "percent_statements_covered_display": "75"}, "missing_lines": [238], "excluded_lines": [], "start_line": 234}, "Model.props": {"executed_lines": [248], "summary": {"covered_lines": 1, "num_statements": 1, "percent_covered": 100.0, "percent_covered_display": "100", "missing_lines": 0, "excluded_lines": 0, "percent_statements_covered": 100.0, "percent_statements_covered_display": "100"}, "missing_lines": [], "excluded_lines": [], "start_line": 241}, "Model.prop": {"executed_lines": [261, 262, 264, 265], "summary": {"covered_lines": 4, "num_statements": 4, "percent_covered": 100.0, "percent_covered_display": "100", "missing_lines": 0, "excluded_lines": 0, "percent_statements_covered": 100.0, "percent_statements_covered_display": "100"}, "missing_lines": [], "excluded_lines": [], "start_line": 250}, "Model.remove_prop": {"executed_lines": [275, 276], "summary": {"covered_lines": 2, "num_statements": 2, "percent_covered": 100.0, "percent_covered_display": "100", "missing_lines": 0, "excluded_lines": 0, "percent_statements_covered": 100.0, "percent_statements_covered_display": "100"}, "missing_lines": [], "excluded_lines": [], "start_line": 267}, "Model.views": {"executed_lines": [286], "summary": {"covered_lines": 1, "num_statements": 1, "percent_covered": 100.0, "percent_covered_display": "100", "missing_lines": 0, "excluded_lines": 0, "percent_statements_covered": 100.0, "percent_statements_covered_display": "100"}, "missing_lines": [], "excluded_lines": [], "start_line": 279}, "Model.elements": {"executed_lines": [296], "summary": {"covered_lines": 1, "num_statements": 1, "percent_covered": 100.0, "percent_covered_display": "100", "missing_lines": 0, "excluded_lines": 0, "percent_statements_covered": 100.0, "percent_statements_covered_display": "100"}, "missing_lines": [], "excluded_lines": [], "start_line": 289}, "Model.relationships": {"executed_lines": [306], "summary": {"covered_lines": 1, "num_statements": 1, "percent_covered": 100.0, "percent_covered_display": "100", "missing_lines": 0, "excluded_lines": 0, "percent_statements_covered": 100.0, "percent_statements_covered_display": "100"}, "missing_lines": [], "excluded_lines": [], "start_line": 299}, "Model.nodes": {"executed_lines": [315], "summary": {"covered_lines": 1, "num_statements": 1, "percent_covered": 100.0, "percent_covered_display": "100", "missing_lines": 0, "excluded_lines": 0, "percent_statements_covered": 100.0, "percent_statements_covered_display": "100"}, "missing_lines": [], "excluded_lines": [], "start_line": 309}, "Model.conns": {"executed_lines": [324], "summary": {"covered_lines": 1, "num_statements": 1, "percent_covered": 100.0, "percent_covered_display": "100", "missing_lines": 0, "excluded_lines": 0, "percent_statements_covered": 100.0, "percent_statements_covered_display": "100"}, "missing_lines": [], "excluded_lines": [], "start_line": 318}, "Model.write": {"executed_lines": [337, 338, 339], "summary": {"covered_lines": 3, "num_statements": 3, "percent_covered": 100.0, "percent_covered_display": "100", "missing_lines": 0, "excluded_lines": 0, "percent_statements_covered": 100.0, "percent_statements_covered_display": "100"}, "missing_lines": [], "excluded_lines": [], "start_line": 326}, "Model._load_file_contents": {"executed_lines": [342, 343, 344], "summary": {"covered_lines": 3, "num_statements": 6, "percent_covered": 50.0, "percent_covered_display": "50", "missing_lines": 3, "excluded_lines": 0, "percent_statements_covered": 50.0, "percent_statements_covered_display": "50"}, "missing_lines": [345, 346, 347], "excluded_lines": [], "start_line": 341}, "Model._match_reader_entry": {"executed_lines": [351, 352, 353, 354], "summary": {"covered_lines": 4, "num_statements": 5, "percent_covered": 80.0, "percent_covered_display": "80", "missing_lines": 1, "excluded_lines": 0, "percent_statements_covered": 80.0, "percent_statements_covered_display": "80"}, "missing_lines": [355], "excluded_lines": [], "start_line": 350}, "Model._prepare_reader": {"executed_lines": [358, 359, 360, 361, 362, 365, 366], "summary": {"covered_lines": 7, "num_statements": 9, "percent_covered": 77.77777777777777, "percent_covered_display": "78", "missing_lines": 2, "excluded_lines": 0, "percent_statements_covered": 77.77777777777777, "percent_statements_covered_display": "78"}, "missing_lines": [363, 364], "excluded_lines": [], "start_line": 357}, "Model.read": {"executed_lines": [381, 382, 384, 385, 386], "summary": {"covered_lines": 5, "num_statements": 6, "percent_covered": 83.33333333333333, "percent_covered_display": "83", "missing_lines": 1, "excluded_lines": 0, "percent_statements_covered": 83.33333333333333, "percent_statements_covered_display": "83"}, "missing_lines": [383], "excluded_lines": [], "start_line": 368}, "Model.merge": {"executed_lines": [397, 398, 400, 403], "summary": {"covered_lines": 4, "num_statements": 7, "percent_covered": 57.142857142857146, "percent_covered_display": "57", "missing_lines": 3, "excluded_lines": 0, "percent_statements_covered": 57.142857142857146, "percent_statements_covered_display": "57"}, "missing_lines": [399, 401, 402], "excluded_lines": [], "start_line": 388}, "Model.filter_elements": {"executed_lines": [414], "summary": {"covered_lines": 1, "num_statements": 1, "percent_covered": 100.0, "percent_covered_display": "100", "missing_lines": 0, "excluded_lines": 0, "percent_statements_covered": 100.0, "percent_statements_covered_display": "100"}, "missing_lines": [], "excluded_lines": [], "start_line": 405}, "Model.find_elements": {"executed_lines": [427, 429, 431, 432], "summary": {"covered_lines": 4, "num_statements": 7, "percent_covered": 57.142857142857146, "percent_covered_display": "57", "missing_lines": 3, "excluded_lines": 0, "percent_statements_covered": 57.142857142857146, "percent_statements_covered_display": "57"}, "missing_lines": [428, 430, 434], "excluded_lines": [], "start_line": 416}, "Model.find_relationships": {"executed_lines": [], "summary": {"covered_lines": 0, "num_statements": 15, "percent_covered": 0.0, "percent_covered_display": "0", "missing_lines": 15, "excluded_lines": 0, "percent_statements_covered": 0.0, "percent_statements_covered_display": "0"}, "missing_lines": [451, 452, 453, 454, 455, 456, 457, 458, 459, 460, 462, 463, 464, 465, 466], "excluded_lines": [], "start_line": 436}, "Model.filter_relationships": {"executed_lines": [477], "summary": {"covered_lines": 1, "num_statements": 1, "percent_covered": 100.0, "percent_covered_display": "100", "missing_lines": 0, "excluded_lines": 0, "percent_statements_covered": 100.0, "percent_statements_covered_display": "100"}, "missing_lines": [], "excluded_lines": [], "start_line": 468}, "Model.filter_views": {"executed_lines": [], "summary": {"covered_lines": 0, "num_statements": 1, "percent_covered": 0.0, "percent_covered_display": "0", "missing_lines": 1, "excluded_lines": 0, "percent_statements_covered": 0.0, "percent_statements_covered_display": "0"}, "missing_lines": [488], "excluded_lines": [], "start_line": 479}, "Model.find_views": {"executed_lines": [499], "summary": {"covered_lines": 1, "num_statements": 1, "percent_covered": 100.0, "percent_covered_display": "100", "missing_lines": 0, "excluded_lines": 0, "percent_statements_covered": 100.0, "percent_statements_covered_display": "100"}, "missing_lines": [], "excluded_lines": [], "start_line": 490}, "Model.get_or_create_element": {"executed_lines": [], "summary": {"covered_lines": 0, "num_statements": 8, "percent_covered": 0.0, "percent_covered_display": "0", "missing_lines": 8, "excluded_lines": 0, "percent_statements_covered": 0.0, "percent_statements_covered_display": "0"}, "missing_lines": [514, 515, 516, 517, 518, 519, 520, 522], "excluded_lines": [], "start_line": 501}, "Model.get_or_create_relationship": {"executed_lines": [551, 555, 557, 559, 566, 571, 573, 574], "summary": {"covered_lines": 8, "num_statements": 14, "percent_covered": 57.142857142857146, "percent_covered_display": "57", "missing_lines": 6, "excluded_lines": 0, "percent_statements_covered": 57.142857142857146, "percent_statements_covered_display": "57"}, "missing_lines": [552, 556, 558, 560, 572, 578], "excluded_lines": [], "start_line": 524}, "Model.get_or_create_view": {"executed_lines": [591, 592, 593, 595, 596, 601], "summary": {"covered_lines": 6, "num_statements": 9, "percent_covered": 66.66666666666667, "percent_covered_display": "67", "missing_lines": 3, "excluded_lines": 0, "percent_statements_covered": 66.66666666666667, "percent_statements_covered_display": "67"}, "missing_lines": [594, 598, 600], "excluded_lines": [], "start_line": 580}, "Model.embed_props": {"executed_lines": [613, 615, 651, 652, 654, 655, 656, 657], "summary": {"covered_lines": 8, "num_statements": 9, "percent_covered": 88.88888888888889, "percent_covered_display": "89", "missing_lines": 1, "excluded_lines": 0, "percent_statements_covered": 88.88888888888889, "percent_statements_covered_display": "89"}, "missing_lines": [653], "excluded_lines": [], "start_line": 603}, "Model.embed_props._embed": {"executed_lines": [622, 625, 626, 639, 641, 643, 645, 646, 647], "summary": {"covered_lines": 9, "num_statements": 11, "percent_covered": 81.81818181818181, "percent_covered_display": "82", "missing_lines": 2, "excluded_lines": 0, "percent_statements_covered": 81.81818181818181, "percent_statements_covered_display": "82"}, "missing_lines": [648, 649], "excluded_lines": [], "start_line": 615}, "Model.expand_props": {"executed_lines": [665, 667, 704, 705, 707, 708, 709, 710], "summary": {"covered_lines": 8, "num_statements": 9, "percent_covered": 88.88888888888889, "percent_covered_display": "89", "missing_lines": 1, "excluded_lines": 0, "percent_statements_covered": 88.88888888888889, "percent_statements_covered_display": "89"}, "missing_lines": [706], "excluded_lines": [], "start_line": 659}, "Model.expand_props._expand": {"executed_lines": [668, 669, 670, 671, 672, 673, 687, 688, 690, 692, 693, 694, 696, 698, 699, 700, 701, 702], "summary": {"covered_lines": 18, "num_statements": 31, "percent_covered": 58.064516129032256, "percent_covered_display": "58", "missing_lines": 13, "excluded_lines": 0, "percent_statements_covered": 58.064516129032256, "percent_statements_covered_display": "58"}, "missing_lines": [674, 675, 676, 677, 678, 679, 680, 681, 682, 683, 684, 685, 686], "excluded_lines": [], "start_line": 667}, "Model.check_invalid_conn": {"executed_lines": [716, 718, 719, 721], "summary": {"covered_lines": 4, "num_statements": 5, "percent_covered": 80.0, "percent_covered_display": "80", "missing_lines": 1, "excluded_lines": 0, "percent_statements_covered": 80.0, "percent_statements_covered_display": "80"}, "missing_lines": [720], "excluded_lines": [], "start_line": 712}, "Model.check_connection": {"executed_lines": [733, 735, 739, 742, 745, 748, 752, 755, 758, 759, 762, 763, 764, 767, 769], "summary": {"covered_lines": 15, "num_statements": 31, "percent_covered": 48.38709677419355, "percent_covered_display": "48", "missing_lines": 16, "excluded_lines": 0, "percent_statements_covered": 48.38709677419355, "percent_statements_covered_display": "48"}, "missing_lines": [736, 737, 740, 741, 743, 744, 746, 747, 749, 750, 753, 754, 756, 757, 760, 765], "excluded_lines": [], "start_line": 723}, "Model.check_invalid_nodes": {"executed_lines": [777, 778, 779, 780, 781, 782, 783, 784, 785], "summary": {"covered_lines": 9, "num_statements": 9, "percent_covered": 100.0, "percent_covered_display": "100", "missing_lines": 0, "excluded_lines": 0, "percent_statements_covered": 100.0, "percent_statements_covered_display": "100"}, "missing_lines": [], "excluded_lines": [], "start_line": 771}, "Model.default_theme": {"executed_lines": [793, 794, 795, 796, 797], "summary": {"covered_lines": 5, "num_statements": 5, "percent_covered": 100.0, "percent_covered_display": "100", "missing_lines": 0, "excluded_lines": 0, "percent_statements_covered": 100.0, "percent_statements_covered_display": "100"}, "missing_lines": [], "excluded_lines": [], "start_line": 787}, "": {"executed_lines": [3, 4, 5, 6, 7, 8, 10, 12, 18, 19, 20, 21, 22, 27, 28, 30, 32, 34, 42, 73, 96, 120, 147, 180, 181, 190, 191, 199, 200, 213, 234, 240, 241, 250, 267, 278, 279, 288, 289, 298, 299, 308, 309, 317, 318, 326, 341, 349, 350, 357, 368, 388, 405, 416, 436, 468, 479, 490, 501, 524, 580, 603, 659, 712, 723, 771, 787, 800], "summary": {"covered_lines": 68, "num_statements": 68, "percent_covered": 100.0, "percent_covered_display": "100", "missing_lines": 0, "excluded_lines": 2, "percent_statements_covered": 100.0, "percent_statements_covered_display": "100"}, "missing_lines": [], "excluded_lines": [24, 25], "start_line": 1}}, "classes": {"Model": {"executed_lines": [98, 99, 100, 101, 102, 103, 104, 105, 106, 107, 108, 109, 110, 111, 138, 139, 140, 141, 143, 144, 145, 173, 174, 177, 178, 188, 211, 230, 231, 232, 235, 236, 237, 248, 261, 262, 264, 265, 275, 276, 286, 296, 306, 315, 324, 337, 338, 339, 342, 343, 344, 351, 352, 353, 354, 358, 359, 360, 361, 362, 365, 366, 381, 382, 384, 385, 386, 397, 398, 400, 403, 414, 427, 429, 431, 432, 477, 499, 551, 555, 557, 559, 566, 571, 573, 574, 591, 592, 593, 595, 596, 601, 613, 615, 622, 625, 626, 639, 641, 643, 645, 646, 647, 651, 652, 654, 655, 656, 657, 665, 667, 668, 669, 670, 671, 672, 673, 687, 688, 690, 692, 693, 694, 696, 698, 699, 700, 701, 702, 704, 705, 707, 708, 709, 710, 716, 718, 719, 721, 733, 735, 739, 742, 745, 748, 752, 755, 758, 759, 762, 763, 764, 767, 769, 777, 778, 779, 780, 781, 782, 783, 784, 785, 793, 794, 795, 796, 797], "summary": {"covered_lines": 168, "num_statements": 250, "percent_covered": 67.2, "percent_covered_display": "67", "missing_lines": 82, "excluded_lines": 0, "percent_statements_covered": 67.2, "percent_statements_covered_display": "67"}, "missing_lines": [197, 238, 345, 346, 347, 355, 363, 364, 383, 399, 401, 402, 428, 430, 434, 451, 452, 453, 454, 455, 456, 457, 458, 459, 460, 462, 463, 464, 465, 466, 488, 514, 515, 516, 517, 518, 519, 520, 522, 552, 556, 558, 560, 572, 578, 594, 598, 600, 648, 649, 653, 674, 675, 676, 677, 678, 679, 680, 681, 682, 683, 684, 685, 686, 706, 720, 736, 737, 740, 741, 743, 744, 746, 747, 749, 750, 753, 754, 756, 757, 760, 765], "excluded_lines": [], "start_line": 73}, "": {"executed_lines": [3, 4, 5, 6, 7, 8, 10, 12, 18, 19, 20, 21, 22, 27, 28, 30, 32, 34, 36, 37, 38, 39, 42, 52, 55, 58, 59, 61, 62, 63, 64, 70, 73, 96, 120, 147, 180, 181, 190, 191, 199, 200, 213, 234, 240, 241, 250, 267, 278, 279, 288, 289, 298, 299, 308, 309, 317, 318, 326, 341, 349, 350, 357, 368, 388, 405, 416, 436, 468, 479, 490, 501, 524, 580, 603, 659, 712, 723, 771, 787, 800], "summary": {"covered_lines": 81, "num_statements": 85, "percent_covered": 95.29411764705883, "percent_covered_display": "95", "missing_lines": 4, "excluded_lines": 2, "percent_statements_covered": 95.29411764705883, "percent_statements_covered_display": "95"}, "missing_lines": [66, 67, 68, 69], "excluded_lines": [24, 25], "start_line": 1}}}, "src/pyArchimate/pyArchimate.py": {"executed_lines": [3, 5, 6, 12, 13, 14, 15, 16, 17, 18, 19, 20, 21, 22, 23, 24, 25, 26, 27, 28, 29, 30, 31, 32, 33, 34, 35, 36, 37, 38, 39, 40, 41, 42, 43, 44, 45, 46, 47, 49], "summary": {"covered_lines": 40, "num_statements": 42, "percent_covered": 95.23809523809524, "percent_covered_display": "95", "missing_lines": 2, "excluded_lines": 0, "percent_statements_covered": 95.23809523809524, "percent_statements_covered_display": "95"}, "missing_lines": [7, 9], "excluded_lines": [], "functions": {"": {"executed_lines": [3, 5, 6, 12, 13, 14, 15, 16, 17, 18, 19, 20, 21, 22, 23, 24, 25, 26, 27, 28, 29, 30, 31, 32, 33, 34, 35, 36, 37, 38, 39, 40, 41, 42, 43, 44, 45, 46, 47, 49], "summary": {"covered_lines": 40, "num_statements": 42, "percent_covered": 95.23809523809524, "percent_covered_display": "95", "missing_lines": 2, "excluded_lines": 0, "percent_statements_covered": 95.23809523809524, "percent_statements_covered_display": "95"}, "missing_lines": [7, 9], "excluded_lines": [], "start_line": 1}}, "classes": {"": {"executed_lines": [3, 5, 6, 12, 13, 14, 15, 16, 17, 18, 19, 20, 21, 22, 23, 24, 25, 26, 27, 28, 29, 30, 31, 32, 33, 34, 35, 36, 37, 38, 39, 40, 41, 42, 43, 44, 45, 46, 47, 49], "summary": {"covered_lines": 40, "num_statements": 42, "percent_covered": 95.23809523809524, "percent_covered_display": "95", "missing_lines": 2, "excluded_lines": 0, "percent_statements_covered": 95.23809523809524, "percent_statements_covered_display": "95"}, "missing_lines": [7, 9], "excluded_lines": [], "start_line": 1}}}, "src/pyArchimate/readers/__init__.py": {"executed_lines": [1, 2, 4], "summary": {"covered_lines": 3, "num_statements": 3, "percent_covered": 100.0, "percent_covered_display": "100", "missing_lines": 0, "excluded_lines": 0, "percent_statements_covered": 100.0, "percent_statements_covered_display": "100"}, "missing_lines": [], "excluded_lines": [], "functions": {"": {"executed_lines": [1, 2, 4], "summary": {"covered_lines": 3, "num_statements": 3, "percent_covered": 100.0, "percent_covered_display": "100", "missing_lines": 0, "excluded_lines": 0, "percent_statements_covered": 100.0, "percent_statements_covered_display": "100"}, "missing_lines": [], "excluded_lines": [], "start_line": 1}}, "classes": {"": {"executed_lines": [1, 2, 4], "summary": {"covered_lines": 3, "num_statements": 3, "percent_covered": 100.0, "percent_covered_display": "100", "missing_lines": 0, "excluded_lines": 0, "percent_statements_covered": 100.0, "percent_statements_covered_display": "100"}, "missing_lines": [], "excluded_lines": [], "start_line": 1}}}, "src/pyArchimate/readers/archiReader.py": {"executed_lines": [5, 6, 8, 9, 14, 15, 18, 36, 40, 41, 43, 44, 47, 48, 49, 52, 53, 54, 55, 56, 57, 59, 67, 69, 70, 71, 72, 75, 78, 79, 80, 81, 82, 84, 85, 87, 88, 90, 98, 100, 101, 102, 103, 104, 105, 110, 111, 114, 115, 119, 122, 124, 127, 128, 129, 130, 132, 133, 134, 135, 137, 138, 140, 144, 145, 147, 154, 156, 157, 158, 159, 160, 162, 163, 165, 167, 168, 169, 170, 171, 173, 177, 178, 179, 180, 182, 183, 185, 186, 188, 189, 190, 191, 192, 193, 194, 195, 196, 197, 198, 199, 200, 201, 202, 203, 204, 205, 206, 207, 208, 209, 210, 216, 217, 220, 222, 229, 230, 231, 232, 235, 240, 242, 243, 244, 245, 246, 247, 248, 251, 252, 255, 256, 257, 258, 259, 260, 261, 262, 263, 264, 265, 266, 267, 268, 269, 270, 271, 273, 280, 282, 283, 284, 285, 286, 287, 288, 290, 291, 293, 295, 296, 297, 300, 301, 302, 303, 304, 305], "summary": {"covered_lines": 169, "num_statements": 200, "percent_covered": 84.5, "percent_covered_display": "84", "missing_lines": 31, "excluded_lines": 0, "percent_statements_covered": 84.5, "percent_statements_covered_display": "84"}, "missing_lines": [10, 11, 12, 37, 38, 73, 83, 107, 108, 113, 117, 120, 125, 126, 136, 139, 141, 161, 166, 174, 175, 211, 212, 213, 214, 233, 234, 241, 250, 254, 289], "excluded_lines": [], "functions": {"archi_reader": {"executed_lines": [36, 40, 41, 43, 44, 47, 48, 49, 52, 53, 54, 55, 56, 57, 59, 90, 147, 222, 273, 300, 301, 302, 303, 304, 305], "summary": {"covered_lines": 25, "num_statements": 27, "percent_covered": 92.5925925925926, "percent_covered_display": "93", "missing_lines": 2, "excluded_lines": 0, "percent_statements_covered": 92.5925925925926, "percent_statements_covered_display": "93"}, "missing_lines": [37, 38], "excluded_lines": [], "start_line": 18}, "archi_reader._get_folders_elem": {"executed_lines": [67, 69, 70, 71, 72, 75, 78, 79, 80, 81, 82, 84, 85, 87, 88], "summary": {"covered_lines": 15, "num_statements": 17, "percent_covered": 88.23529411764706, "percent_covered_display": "88", "missing_lines": 2, "excluded_lines": 0, "percent_statements_covered": 88.23529411764706, "percent_statements_covered_display": "88"}, "missing_lines": [73, 83], "excluded_lines": [], "start_line": 59}, "archi_reader._get_folders_rel": {"executed_lines": [98, 100, 101, 102, 103, 104, 105, 110, 111, 114, 115, 119, 122, 124, 127, 128, 129, 130, 132, 133, 134, 135, 137, 138, 140, 144, 145], "summary": {"covered_lines": 27, "num_statements": 37, "percent_covered": 72.97297297297297, "percent_covered_display": "73", "missing_lines": 10, "excluded_lines": 0, "percent_statements_covered": 72.97297297297297, "percent_statements_covered_display": "73"}, "missing_lines": [107, 108, 113, 117, 120, 125, 126, 136, 139, 141], "excluded_lines": [], "start_line": 90}, "archi_reader._get_node": {"executed_lines": [154, 156, 157, 158, 159, 160, 162, 163, 165, 167, 168, 169, 170, 171, 173, 177, 178, 179, 180, 182, 183, 185, 186, 188, 189, 190, 191, 192, 193, 194, 195, 196, 197, 198, 199, 200, 201, 202, 203, 204, 205, 206, 207, 208, 209, 210, 216, 217, 220], "summary": {"covered_lines": 49, "num_statements": 57, "percent_covered": 85.96491228070175, "percent_covered_display": "86", "missing_lines": 8, "excluded_lines": 0, "percent_statements_covered": 85.96491228070175, "percent_statements_covered_display": "86"}, "missing_lines": [161, 166, 174, 175, 211, 212, 213, 214], "excluded_lines": [], "start_line": 147}, "archi_reader._get_connection": {"executed_lines": [229, 230, 231, 232, 235, 240, 242, 243, 244, 245, 246, 247, 248, 251, 252, 255, 256, 257, 258, 259, 260, 261, 262, 263, 264, 265, 266, 267, 268, 269, 270, 271], "summary": {"covered_lines": 32, "num_statements": 37, "percent_covered": 86.48648648648648, "percent_covered_display": "86", "missing_lines": 5, "excluded_lines": 0, "percent_statements_covered": 86.48648648648648, "percent_statements_covered_display": "86"}, "missing_lines": [233, 234, 241, 250, 254], "excluded_lines": [], "start_line": 222}, "archi_reader._get_folders_view": {"executed_lines": [280, 282, 283, 284, 285, 286, 287, 288, 290, 291, 293, 295, 296, 297], "summary": {"covered_lines": 14, "num_statements": 15, "percent_covered": 93.33333333333333, "percent_covered_display": "93", "missing_lines": 1, "excluded_lines": 0, "percent_statements_covered": 93.33333333333333, "percent_statements_covered_display": "93"}, "missing_lines": [289], "excluded_lines": [], "start_line": 273}, "": {"executed_lines": [5, 6, 8, 9, 14, 15, 18], "summary": {"covered_lines": 7, "num_statements": 10, "percent_covered": 70.0, "percent_covered_display": "70", "missing_lines": 3, "excluded_lines": 0, "percent_statements_covered": 70.0, "percent_statements_covered_display": "70"}, "missing_lines": [10, 11, 12], "excluded_lines": [], "start_line": 1}}, "classes": {"": {"executed_lines": [5, 6, 8, 9, 14, 15, 18, 36, 40, 41, 43, 44, 47, 48, 49, 52, 53, 54, 55, 56, 57, 59, 67, 69, 70, 71, 72, 75, 78, 79, 80, 81, 82, 84, 85, 87, 88, 90, 98, 100, 101, 102, 103, 104, 105, 110, 111, 114, 115, 119, 122, 124, 127, 128, 129, 130, 132, 133, 134, 135, 137, 138, 140, 144, 145, 147, 154, 156, 157, 158, 159, 160, 162, 163, 165, 167, 168, 169, 170, 171, 173, 177, 178, 179, 180, 182, 183, 185, 186, 188, 189, 190, 191, 192, 193, 194, 195, 196, 197, 198, 199, 200, 201, 202, 203, 204, 205, 206, 207, 208, 209, 210, 216, 217, 220, 222, 229, 230, 231, 232, 235, 240, 242, 243, 244, 245, 246, 247, 248, 251, 252, 255, 256, 257, 258, 259, 260, 261, 262, 263, 264, 265, 266, 267, 268, 269, 270, 271, 273, 280, 282, 283, 284, 285, 286, 287, 288, 290, 291, 293, 295, 296, 297, 300, 301, 302, 303, 304, 305], "summary": {"covered_lines": 169, "num_statements": 200, "percent_covered": 84.5, "percent_covered_display": "84", "missing_lines": 31, "excluded_lines": 0, "percent_statements_covered": 84.5, "percent_statements_covered_display": "84"}, "missing_lines": [10, 11, 12, 37, 38, 73, 83, 107, 108, 113, 117, 120, 125, 126, 136, 139, 141, 161, 166, 174, 175, 211, 212, 213, 214, 233, 234, 241, 250, 254, 289], "excluded_lines": [], "start_line": 1}}}, "src/pyArchimate/readers/archimateReader.py": {"executed_lines": [1, 2, 4, 5, 10, 11, 14, 32, 36, 37, 40, 41, 44, 45, 46, 47, 48, 49, 50, 51, 55, 58, 59, 60, 61, 62, 65, 66, 69, 71, 77, 84, 85, 86, 87, 88, 91, 92, 94, 95, 102, 112, 116, 123, 124, 125, 126, 127, 132, 139, 146, 155, 156, 158, 159, 187, 188, 189, 190, 194, 195, 199, 200, 201, 202, 203, 204, 205, 208, 209, 210, 211, 212, 214, 217, 218, 219, 222, 251, 252, 253, 262, 263, 264, 265, 266, 275, 276, 277, 278, 280, 281, 289, 290, 291], "summary": {"covered_lines": 95, "num_statements": 162, "percent_covered": 58.641975308641975, "percent_covered_display": "59", "missing_lines": 67, "excluded_lines": 0, "percent_statements_covered": 58.641975308641975, "percent_statements_covered_display": "59"}, "missing_lines": [6, 7, 8, 33, 34, 52, 53, 54, 72, 73, 74, 96, 97, 98, 113, 117, 118, 119, 120, 129, 130, 140, 141, 142, 143, 157, 168, 169, 170, 171, 173, 174, 175, 191, 192, 193, 196, 197, 198, 223, 224, 225, 226, 227, 234, 235, 236, 237, 238, 239, 240, 241, 242, 243, 244, 245, 247, 248, 268, 269, 270, 271, 272, 279, 282, 283, 286], "excluded_lines": [], "functions": {"archimate_reader": {"executed_lines": [32, 36, 37, 40, 41, 44, 45, 46, 47, 48, 49, 50, 51, 55, 58, 59, 60, 61, 62, 65, 66, 69, 71, 77, 84, 85, 86, 87, 88, 91, 92, 94, 95, 102, 112, 116, 123, 124, 125, 126, 127, 132, 139, 146, 217, 218, 219, 222, 251, 252, 253, 289, 290, 291], "summary": {"covered_lines": 54, "num_statements": 95, "percent_covered": 56.8421052631579, "percent_covered_display": "57", "missing_lines": 41, "excluded_lines": 0, "percent_statements_covered": 56.8421052631579, "percent_statements_covered_display": "57"}, "missing_lines": [33, 34, 52, 53, 54, 72, 73, 74, 96, 97, 98, 113, 117, 118, 119, 120, 129, 130, 140, 141, 142, 143, 223, 224, 225, 226, 227, 234, 235, 236, 237, 238, 239, 240, 241, 242, 243, 244, 245, 247, 248], "excluded_lines": [], "start_line": 14}, "archimate_reader._add_node": {"executed_lines": [155, 156, 158, 159, 187, 188, 189, 190, 194, 195, 199, 200, 201, 202, 203, 204, 205, 208, 209, 210, 211, 212, 214], "summary": {"covered_lines": 23, "num_statements": 37, "percent_covered": 62.16216216216216, "percent_covered_display": "62", "missing_lines": 14, "excluded_lines": 0, "percent_statements_covered": 62.16216216216216, "percent_statements_covered_display": "62"}, "missing_lines": [157, 168, 169, 170, 171, 173, 174, 175, 191, 192, 193, 196, 197, 198], "excluded_lines": [], "start_line": 146}, "archimate_reader._walk_orgs": {"executed_lines": [262, 263, 264, 265, 266, 275, 276, 277, 278, 280, 281], "summary": {"covered_lines": 11, "num_statements": 20, "percent_covered": 55.0, "percent_covered_display": "55", "missing_lines": 9, "excluded_lines": 0, "percent_statements_covered": 55.0, "percent_statements_covered_display": "55"}, "missing_lines": [268, 269, 270, 271, 272, 279, 282, 283, 286], "excluded_lines": [], "start_line": 253}, "": {"executed_lines": [1, 2, 4, 5, 10, 11, 14], "summary": {"covered_lines": 7, "num_statements": 10, "percent_covered": 70.0, "percent_covered_display": "70", "missing_lines": 3, "excluded_lines": 0, "percent_statements_covered": 70.0, "percent_statements_covered_display": "70"}, "missing_lines": [6, 7, 8], "excluded_lines": [], "start_line": 1}}, "classes": {"": {"executed_lines": [1, 2, 4, 5, 10, 11, 14, 32, 36, 37, 40, 41, 44, 45, 46, 47, 48, 49, 50, 51, 55, 58, 59, 60, 61, 62, 65, 66, 69, 71, 77, 84, 85, 86, 87, 88, 91, 92, 94, 95, 102, 112, 116, 123, 124, 125, 126, 127, 132, 139, 146, 155, 156, 158, 159, 187, 188, 189, 190, 194, 195, 199, 200, 201, 202, 203, 204, 205, 208, 209, 210, 211, 212, 214, 217, 218, 219, 222, 251, 252, 253, 262, 263, 264, 265, 266, 275, 276, 277, 278, 280, 281, 289, 290, 291], "summary": {"covered_lines": 95, "num_statements": 162, "percent_covered": 58.641975308641975, "percent_covered_display": "59", "missing_lines": 67, "excluded_lines": 0, "percent_statements_covered": 58.641975308641975, "percent_statements_covered_display": "59"}, "missing_lines": [6, 7, 8, 33, 34, 52, 53, 54, 72, 73, 74, 96, 97, 98, 113, 117, 118, 119, 120, 129, 130, 140, 141, 142, 143, 157, 168, 169, 170, 171, 173, 174, 175, 191, 192, 193, 196, 197, 198, 223, 224, 225, 226, 227, 234, 235, 236, 237, 238, 239, 240, 241, 242, 243, 244, 245, 247, 248, 268, 269, 270, 271, 272, 279, 282, 283, 286], "excluded_lines": [], "start_line": 1}}}, "src/pyArchimate/readers/arisAMLreader.py": {"executed_lines": [], "summary": {"covered_lines": 0, "num_statements": 285, "percent_covered": 0.0, "percent_covered_display": "0", "missing_lines": 285, "excluded_lines": 0, "percent_statements_covered": 0.0, "percent_statements_covered_display": "0"}, "missing_lines": [9, 10, 11, 13, 14, 15, 16, 17, 20, 29, 30, 31, 32, 33, 36, 38, 40, 41, 42, 44, 45, 47, 48, 50, 53, 60, 61, 63, 66, 84, 90, 91, 93, 94, 97, 98, 99, 100, 104, 105, 106, 107, 108, 109, 110, 111, 113, 115, 117, 118, 119, 120, 121, 122, 123, 124, 125, 126, 127, 128, 129, 131, 132, 133, 134, 135, 137, 138, 140, 146, 147, 154, 156, 157, 159, 160, 162, 163, 164, 165, 167, 168, 171, 172, 173, 174, 175, 176, 177, 178, 180, 181, 184, 185, 187, 188, 191, 192, 193, 195, 197, 199, 206, 207, 209, 210, 212, 213, 215, 217, 218, 219, 221, 222, 223, 232, 233, 234, 237, 244, 245, 247, 248, 250, 251, 253, 254, 255, 256, 257, 258, 260, 264, 268, 269, 271, 279, 281, 283, 284, 285, 286, 287, 288, 289, 290, 291, 292, 293, 294, 295, 296, 297, 298, 300, 308, 309, 310, 311, 313, 314, 316, 317, 318, 319, 320, 321, 322, 324, 325, 326, 333, 334, 335, 337, 341, 342, 343, 344, 345, 346, 347, 348, 349, 350, 351, 352, 354, 356, 364, 365, 366, 367, 368, 369, 371, 372, 373, 375, 377, 378, 379, 381, 382, 383, 391, 392, 393, 394, 395, 396, 397, 399, 400, 402, 409, 410, 412, 413, 415, 416, 417, 418, 422, 423, 424, 425, 426, 427, 428, 429, 430, 431, 432, 433, 434, 435, 436, 437, 439, 442, 444, 445, 446, 448, 449, 450, 451, 452, 453, 455, 456, 458, 464, 466, 467, 468, 470, 471, 473, 479, 480, 481, 482, 484, 485, 486, 487, 488, 489, 491, 492, 493, 494, 495, 496, 497, 498, 500, 503, 504, 505, 507, 508, 509], "excluded_lines": [], "functions": {"get_text_size": {"executed_lines": [], "summary": {"covered_lines": 0, "num_statements": 15, "percent_covered": 0.0, "percent_covered_display": "0", "missing_lines": 15, "excluded_lines": 0, "percent_statements_covered": 0.0, "percent_statements_covered_display": "0"}, "missing_lines": [29, 30, 31, 32, 33, 36, 38, 40, 41, 42, 44, 45, 47, 48, 50], "excluded_lines": [], "start_line": 20}, "_id_of": {"executed_lines": [], "summary": {"covered_lines": 0, "num_statements": 3, "percent_covered": 0.0, "percent_covered_display": "0", "missing_lines": 3, "excluded_lines": 0, "percent_statements_covered": 0.0, "percent_statements_covered_display": "0"}, "missing_lines": [60, 61, 63], "excluded_lines": [], "start_line": 53}, "aris_reader": {"executed_lines": [], "summary": {"covered_lines": 0, "num_statements": 16, "percent_covered": 0.0, "percent_covered_display": "0", "missing_lines": 16, "excluded_lines": 0, "percent_statements_covered": 0.0, "percent_statements_covered_display": "0"}, "missing_lines": [84, 140, 199, 237, 300, 337, 356, 402, 458, 473, 503, 504, 505, 507, 508, 509], "excluded_lines": [], "start_line": 66}, "aris_reader._parse_elements": {"executed_lines": [], "summary": {"covered_lines": 0, "num_statements": 38, "percent_covered": 0.0, "percent_covered_display": "0", "missing_lines": 38, "excluded_lines": 0, "percent_statements_covered": 0.0, "percent_statements_covered_display": "0"}, "missing_lines": [90, 91, 93, 94, 97, 98, 99, 100, 104, 105, 106, 107, 108, 109, 110, 111, 113, 115, 117, 118, 119, 120, 121, 122, 123, 124, 125, 126, 127, 128, 129, 131, 132, 133, 134, 135, 137, 138], "excluded_lines": [], "start_line": 84}, "aris_reader._parse_relationships": {"executed_lines": [], "summary": {"covered_lines": 0, "num_statements": 32, "percent_covered": 0.0, "percent_covered_display": "0", "missing_lines": 32, "excluded_lines": 0, "percent_statements_covered": 0.0, "percent_statements_covered_display": "0"}, "missing_lines": [146, 147, 154, 156, 157, 159, 160, 162, 163, 164, 165, 167, 168, 171, 172, 173, 174, 175, 176, 177, 178, 180, 181, 184, 185, 187, 188, 191, 192, 193, 195, 197], "excluded_lines": [], "start_line": 140}, "aris_reader._parse_nodes": {"executed_lines": [], "summary": {"covered_lines": 0, "num_statements": 16, "percent_covered": 0.0, "percent_covered_display": "0", "missing_lines": 16, "excluded_lines": 0, "percent_statements_covered": 0.0, "percent_statements_covered_display": "0"}, "missing_lines": [206, 207, 209, 210, 212, 213, 215, 217, 218, 219, 221, 222, 223, 232, 233, 234], "excluded_lines": [], "start_line": 199}, "aris_reader._parse_connections": {"executed_lines": [], "summary": {"covered_lines": 0, "num_statements": 35, "percent_covered": 0.0, "percent_covered_display": "0", "missing_lines": 35, "excluded_lines": 0, "percent_statements_covered": 0.0, "percent_statements_covered_display": "0"}, "missing_lines": [244, 245, 247, 248, 250, 251, 253, 254, 255, 256, 257, 258, 260, 264, 268, 269, 271, 279, 281, 283, 284, 285, 286, 287, 288, 289, 290, 291, 292, 293, 294, 295, 296, 297, 298], "excluded_lines": [], "start_line": 237}, "aris_reader._parse_containers": {"executed_lines": [], "summary": {"covered_lines": 0, "num_statements": 19, "percent_covered": 0.0, "percent_covered_display": "0", "missing_lines": 19, "excluded_lines": 0, "percent_statements_covered": 0.0, "percent_statements_covered_display": "0"}, "missing_lines": [308, 309, 310, 311, 313, 314, 316, 317, 318, 319, 320, 321, 322, 324, 325, 326, 333, 334, 335], "excluded_lines": [], "start_line": 300}, "aris_reader._parse_labels": {"executed_lines": [], "summary": {"covered_lines": 0, "num_statements": 13, "percent_covered": 0.0, "percent_covered_display": "0", "missing_lines": 13, "excluded_lines": 0, "percent_statements_covered": 0.0, "percent_statements_covered_display": "0"}, "missing_lines": [341, 342, 343, 344, 345, 346, 347, 348, 349, 350, 351, 352, 354], "excluded_lines": [], "start_line": 337}, "aris_reader._parse_labels_in_view": {"executed_lines": [], "summary": {"covered_lines": 0, "num_statements": 25, "percent_covered": 0.0, "percent_covered_display": "0", "missing_lines": 25, "excluded_lines": 0, "percent_statements_covered": 0.0, "percent_statements_covered_display": "0"}, "missing_lines": [364, 365, 366, 367, 368, 369, 371, 372, 373, 375, 377, 378, 379, 381, 382, 383, 391, 392, 393, 394, 395, 396, 397, 399, 400], "excluded_lines": [], "start_line": 356}, "aris_reader._parse_views": {"executed_lines": [], "summary": {"covered_lines": 0, "num_statements": 37, "percent_covered": 0.0, "percent_covered_display": "0", "missing_lines": 37, "excluded_lines": 0, "percent_statements_covered": 0.0, "percent_statements_covered_display": "0"}, "missing_lines": [409, 410, 412, 413, 415, 416, 417, 418, 422, 423, 424, 425, 426, 427, 428, 429, 430, 431, 432, 433, 434, 435, 436, 437, 439, 442, 444, 445, 446, 448, 449, 450, 451, 452, 453, 455, 456], "excluded_lines": [], "start_line": 402}, "aris_reader._clean_nested_conns": {"executed_lines": [], "summary": {"covered_lines": 0, "num_statements": 6, "percent_covered": 0.0, "percent_covered_display": "0", "missing_lines": 6, "excluded_lines": 0, "percent_statements_covered": 0.0, "percent_statements_covered_display": "0"}, "missing_lines": [464, 466, 467, 468, 470, 471], "excluded_lines": [], "start_line": 458}, "aris_reader.convert": {"executed_lines": [], "summary": {"covered_lines": 0, "num_statements": 19, "percent_covered": 0.0, "percent_covered_display": "0", "missing_lines": 19, "excluded_lines": 0, "percent_statements_covered": 0.0, "percent_statements_covered_display": "0"}, "missing_lines": [479, 480, 481, 482, 484, 485, 486, 487, 488, 489, 491, 492, 493, 494, 495, 496, 497, 498, 500], "excluded_lines": [], "start_line": 473}, "": {"executed_lines": [], "summary": {"covered_lines": 0, "num_statements": 11, "percent_covered": 0.0, "percent_covered_display": "0", "missing_lines": 11, "excluded_lines": 0, "percent_statements_covered": 0.0, "percent_statements_covered_display": "0"}, "missing_lines": [9, 10, 11, 13, 14, 15, 16, 17, 20, 53, 66], "excluded_lines": [], "start_line": 1}}, "classes": {"": {"executed_lines": [], "summary": {"covered_lines": 0, "num_statements": 285, "percent_covered": 0.0, "percent_covered_display": "0", "missing_lines": 285, "excluded_lines": 0, "percent_statements_covered": 0.0, "percent_statements_covered_display": "0"}, "missing_lines": [9, 10, 11, 13, 14, 15, 16, 17, 20, 29, 30, 31, 32, 33, 36, 38, 40, 41, 42, 44, 45, 47, 48, 50, 53, 60, 61, 63, 66, 84, 90, 91, 93, 94, 97, 98, 99, 100, 104, 105, 106, 107, 108, 109, 110, 111, 113, 115, 117, 118, 119, 120, 121, 122, 123, 124, 125, 126, 127, 128, 129, 131, 132, 133, 134, 135, 137, 138, 140, 146, 147, 154, 156, 157, 159, 160, 162, 163, 164, 165, 167, 168, 171, 172, 173, 174, 175, 176, 177, 178, 180, 181, 184, 185, 187, 188, 191, 192, 193, 195, 197, 199, 206, 207, 209, 210, 212, 213, 215, 217, 218, 219, 221, 222, 223, 232, 233, 234, 237, 244, 245, 247, 248, 250, 251, 253, 254, 255, 256, 257, 258, 260, 264, 268, 269, 271, 279, 281, 283, 284, 285, 286, 287, 288, 289, 290, 291, 292, 293, 294, 295, 296, 297, 298, 300, 308, 309, 310, 311, 313, 314, 316, 317, 318, 319, 320, 321, 322, 324, 325, 326, 333, 334, 335, 337, 341, 342, 343, 344, 345, 346, 347, 348, 349, 350, 351, 352, 354, 356, 364, 365, 366, 367, 368, 369, 371, 372, 373, 375, 377, 378, 379, 381, 382, 383, 391, 392, 393, 394, 395, 396, 397, 399, 400, 402, 409, 410, 412, 413, 415, 416, 417, 418, 422, 423, 424, 425, 426, 427, 428, 429, 430, 431, 432, 433, 434, 435, 436, 437, 439, 442, 444, 445, 446, 448, 449, 450, 451, 452, 453, 455, 456, 458, 464, 466, 467, 468, 470, 471, 473, 479, 480, 481, 482, 484, 485, 486, 487, 488, 489, 491, 492, 493, 494, 495, 496, 497, 498, 500, 503, 504, 505, 507, 508, 509], "excluded_lines": [], "start_line": 1}}}, "src/pyArchimate/relationship.py": {"executed_lines": [3, 5, 6, 7, 13, 22, 24, 25, 26, 27, 28, 31, 39, 41, 42, 43, 44, 45, 46, 49, 61, 63, 69, 75, 82, 84, 85, 86, 88, 89, 90, 91, 93, 94, 95, 96, 101, 103, 105, 107, 108, 109, 110, 111, 112, 115, 118, 147, 150, 153, 156, 157, 159, 160, 161, 162, 163, 169, 170, 173, 174, 175, 176, 177, 183, 184, 187, 188, 189, 190, 191, 192, 193, 194, 195, 196, 199, 200, 203, 204, 206, 208, 211, 213, 219, 221, 222, 226, 227, 229, 230, 238, 240, 241, 249, 250, 253, 254, 272, 273, 280, 281, 284, 285, 294, 296, 297, 298, 301, 303, 304, 311, 313, 314, 328, 329, 340, 341, 342, 344, 346, 347, 356, 357, 358, 360, 362, 385, 389, 390, 397, 399, 411, 412, 414, 415, 417, 428, 429, 436, 438, 439, 447, 448, 449, 451, 452, 459, 461, 462, 470, 471, 473, 474, 481, 483, 484, 496, 504], "summary": {"covered_lines": 159, "num_statements": 209, "percent_covered": 76.07655502392345, "percent_covered_display": "76", "missing_lines": 50, "excluded_lines": 2, "percent_statements_covered": 76.07655502392345, "percent_statements_covered_display": "76"}, "missing_lines": [64, 65, 66, 68, 70, 71, 72, 74, 76, 77, 78, 80, 83, 87, 98, 104, 106, 114, 154, 168, 171, 182, 185, 202, 223, 224, 263, 264, 265, 266, 267, 268, 270, 295, 299, 322, 323, 325, 326, 377, 378, 379, 382, 383, 386, 425, 426, 493, 494, 501], "excluded_lines": [9, 10], "functions": {"_is_valid_uuid": {"executed_lines": [22, 24, 25, 26, 27, 28], "summary": {"covered_lines": 6, "num_statements": 6, "percent_covered": 100.0, "percent_covered_display": "100", "missing_lines": 0, "excluded_lines": 0, "percent_statements_covered": 100.0, "percent_statements_covered_display": "100"}, "missing_lines": [], "excluded_lines": [], "start_line": 13}, "set_id": {"executed_lines": [39, 41, 42, 43, 44, 45, 46], "summary": {"covered_lines": 7, "num_statements": 7, "percent_covered": 100.0, "percent_covered_display": "100", "missing_lines": 0, "excluded_lines": 0, "percent_statements_covered": 100.0, "percent_statements_covered_display": "100"}, "missing_lines": [], "excluded_lines": [], "start_line": 31}, "check_valid_relationship": {"executed_lines": [61, 63, 69, 75, 82, 84, 85, 86, 88, 89, 90, 91, 93, 94, 95, 96], "summary": {"covered_lines": 16, "num_statements": 31, "percent_covered": 51.61290322580645, "percent_covered_display": "52", "missing_lines": 15, "excluded_lines": 0, "percent_statements_covered": 51.61290322580645, "percent_statements_covered_display": "52"}, "missing_lines": [64, 65, 66, 68, 70, 71, 72, 74, 76, 77, 78, 80, 83, 87, 98], "excluded_lines": [], "start_line": 49}, "get_default_rel_type": {"executed_lines": [103, 105, 107, 108, 109, 110, 111, 112, 115], "summary": {"covered_lines": 9, "num_statements": 12, "percent_covered": 75.0, "percent_covered_display": "75", "missing_lines": 3, "excluded_lines": 0, "percent_statements_covered": 75.0, "percent_statements_covered_display": "75"}, "missing_lines": [104, 106, 114], "excluded_lines": [], "start_line": 101}, "Relationship.__init__": {"executed_lines": [150, 153, 156, 157, 159, 160, 161, 162, 163, 169, 170, 173, 174, 175, 176, 177, 183, 184, 187, 188, 189, 190, 191, 192, 193, 194, 195, 196, 199, 200, 203, 204, 206, 208, 211], "summary": {"covered_lines": 35, "num_statements": 41, "percent_covered": 85.36585365853658, "percent_covered_display": "85", "missing_lines": 6, "excluded_lines": 0, "percent_statements_covered": 85.36585365853658, "percent_statements_covered_display": "85"}, "missing_lines": [154, 168, 171, 182, 185, 202], "excluded_lines": [], "start_line": 147}, "Relationship.delete": {"executed_lines": [219, 221, 222, 226, 227], "summary": {"covered_lines": 5, "num_statements": 7, "percent_covered": 71.42857142857143, "percent_covered_display": "71", "missing_lines": 2, "excluded_lines": 0, "percent_statements_covered": 71.42857142857143, "percent_statements_covered_display": "71"}, "missing_lines": [223, 224], "excluded_lines": [], "start_line": 213}, "Relationship.uuid": {"executed_lines": [238], "summary": {"covered_lines": 1, "num_statements": 1, "percent_covered": 100.0, "percent_covered_display": "100", "missing_lines": 0, "excluded_lines": 0, "percent_statements_covered": 100.0, "percent_statements_covered_display": "100"}, "missing_lines": [], "excluded_lines": [], "start_line": 230}, "Relationship.source": {"executed_lines": [], "summary": {"covered_lines": 0, "num_statements": 7, "percent_covered": 0.0, "percent_covered_display": "0", "missing_lines": 7, "excluded_lines": 0, "percent_statements_covered": 0.0, "percent_statements_covered_display": "0"}, "missing_lines": [263, 264, 265, 266, 267, 268, 270], "excluded_lines": [], "start_line": 254}, "Relationship.target": {"executed_lines": [294, 296, 297, 298, 301], "summary": {"covered_lines": 5, "num_statements": 7, "percent_covered": 71.42857142857143, "percent_covered_display": "71", "missing_lines": 2, "excluded_lines": 0, "percent_statements_covered": 71.42857142857143, "percent_statements_covered_display": "71"}, "missing_lines": [295, 299], "excluded_lines": [], "start_line": 285}, "Relationship.type": {"executed_lines": [], "summary": {"covered_lines": 0, "num_statements": 4, "percent_covered": 0.0, "percent_covered_display": "0", "missing_lines": 4, "excluded_lines": 0, "percent_statements_covered": 0.0, "percent_statements_covered_display": "0"}, "missing_lines": [322, 323, 325, 326], "excluded_lines": [], "start_line": 314}, "Relationship.profile_name": {"executed_lines": [340, 341, 342, 344], "summary": {"covered_lines": 4, "num_statements": 4, "percent_covered": 100.0, "percent_co
[...]
4, 635, 636, 637, 638, 639, 640, 641, 642, 643, 644, 645, 646, 647, 648, 649, 650, 651, 652, 653, 654, 655, 656, 657, 661, 664, 667, 668, 669], "summary": {"covered_lines": 285, "num_statements": 354, "percent_covered": 80.50847457627118, "percent_covered_display": "81", "missing_lines": 69, "excluded_lines": 0, "percent_statements_covered": 80.50847457627118, "percent_statements_covered_display": "81"}, "missing_lines": [152, 164, 165, 167, 171, 174, 212, 248, 252, 274, 276, 291, 293, 304, 312, 317, 321, 330, 332, 343, 351, 356, 360, 408, 409, 410, 423, 431, 452, 453, 455, 458, 471, 483, 484, 485, 487, 488, 495, 501, 507, 548, 570, 572, 576, 595, 596, 605, 606, 607, 608, 609, 610, 611, 612, 613, 614, 615, 616, 618, 619, 620, 621, 623, 624, 662, 663, 665, 666], "excluded_lines": [], "start_line": 134}, "Connection": {"executed_lines": [687, 691, 692, 693, 694, 697, 698, 699, 700, 703, 707, 708, 709, 710, 713, 717, 718, 719, 720, 723, 726, 727, 728, 729, 730, 731, 732, 733, 734, 737, 738, 742, 746, 759, 763, 771, 772, 790, 791, 820, 821, 824, 825, 834, 837, 859, 860, 861, 862, 863, 864, 865, 866, 868, 869, 870, 873, 874], "summary": {"covered_lines": 58, "num_statements": 103, "percent_covered": 56.310679611650485, "percent_covered_display": "56", "missing_lines": 45, "excluded_lines": 0, "percent_statements_covered": 56.310679611650485, "percent_statements_covered_display": "56"}, "missing_lines": [688, 702, 704, 712, 714, 722, 724, 750, 751, 753, 754, 755, 767, 773, 774, 775, 779, 780, 781, 782, 784, 785, 786, 792, 793, 794, 798, 799, 800, 801, 803, 804, 805, 809, 813, 817, 828, 831, 841, 842, 843, 844, 846, 850, 852], "excluded_lines": [], "start_line": 676}, "View": {"executed_lines": [892, 896, 897, 898, 899, 900, 901, 902, 903, 904, 905, 906, 909, 910, 911, 912, 913, 916, 917, 922, 923, 924, 925, 929, 930, 931, 932, 936, 944, 947, 948, 949, 950, 958, 962, 970, 971, 972, 973, 975, 976, 980, 981, 982, 984, 985, 992, 993, 994, 995, 1001, 1007, 1010, 1019, 1020, 1022, 1023, 1024, 1025], "summary": {"covered_lines": 59, "num_statements": 76, "percent_covered": 77.63157894736842, "percent_covered_display": "78", "missing_lines": 17, "excluded_lines": 0, "percent_statements_covered": 77.63157894736842, "percent_statements_covered_display": "78"}, "missing_lines": [893, 914, 915, 940, 953, 954, 965, 974, 978, 983, 986, 1008, 1014, 1015, 1016, 1018, 1021], "excluded_lines": [], "start_line": 881}, "": {"executed_lines": [6, 7, 8, 10, 11, 12, 13, 14, 20, 22, 28, 34, 35, 36, 37, 51, 54, 58, 59, 62, 63, 66, 67, 70, 71, 75, 78, 86, 87, 97, 100, 116, 125, 126, 134, 148, 204, 225, 238, 239, 244, 245, 250, 251, 254, 255, 260, 261, 267, 268, 271, 272, 284, 285, 288, 289, 297, 298, 301, 302, 308, 309, 314, 315, 323, 324, 327, 328, 336, 337, 340, 341, 347, 348, 353, 354, 362, 363, 366, 367, 371, 372, 375, 376, 382, 383, 386, 387, 395, 396, 399, 400, 403, 404, 407, 412, 433, 441, 490, 498, 504, 510, 553, 588, 659, 676, 686, 736, 740, 741, 744, 745, 748, 749, 757, 758, 761, 762, 765, 766, 769, 770, 777, 778, 788, 789, 796, 797, 807, 808, 811, 812, 815, 816, 819, 823, 827, 830, 833, 836, 839, 857, 881, 891, 908, 919, 927, 934, 935, 938, 939, 942, 943, 946, 952, 956, 957, 960, 961, 964, 967, 988, 1028], "summary": {"covered_lines": 163, "num_statements": 170, "percent_covered": 95.88235294117646, "percent_covered_display": "96", "missing_lines": 7, "excluded_lines": 0, "percent_statements_covered": 95.88235294117646, "percent_statements_covered_display": "96"}, "missing_lines": [38, 39, 40, 41, 42, 43, 44], "excluded_lines": [], "start_line": 1}}}, "src/pyArchimate/writers/__init__.py": {"executed_lines": [5, 7, 8, 11, 12, 14, 17, 19, 20, 22, 23, 24, 26, 27, 28, 29, 32, 33, 34, 36, 37, 38, 39, 40, 41, 42, 43, 44, 45, 46, 47, 51, 52, 57], "summary": {"covered_lines": 34, "num_statements": 38, "percent_covered": 89.47368421052632, "percent_covered_display": "89", "missing_lines": 4, "excluded_lines": 0, "percent_statements_covered": 89.47368421052632, "percent_statements_covered_display": "89"}, "missing_lines": [13, 48, 49, 54], "excluded_lines": [], "functions": {"register_writer": {"executed_lines": [12, 14], "summary": {"covered_lines": 2, "num_statements": 3, "percent_covered": 66.66666666666667, "percent_covered_display": "67", "missing_lines": 1, "excluded_lines": 0, "percent_statements_covered": 66.66666666666667, "percent_statements_covered_display": "67"}, "missing_lines": [13], "excluded_lines": [], "start_line": 11}, "_ensure_default_writers": {"executed_lines": [19, 20, 22, 23, 24, 26, 27, 28, 29], "summary": {"covered_lines": 9, "num_statements": 9, "percent_covered": 100.0, "percent_covered_display": "100", "missing_lines": 0, "excluded_lines": 0, "percent_statements_covered": 100.0, "percent_statements_covered_display": "100"}, "missing_lines": [], "excluded_lines": [], "start_line": 17}, "_resolve_writer": {"executed_lines": [33, 34, 36, 37, 38, 39, 40, 41, 42, 43, 44, 45, 46, 47, 51, 52], "summary": {"covered_lines": 16, "num_statements": 19, "percent_covered": 84.21052631578948, "percent_covered_display": "84", "missing_lines": 3, "excluded_lines": 0, "percent_statements_covered": 84.21052631578948, "percent_statements_covered_display": "84"}, "missing_lines": [48, 49, 54], "excluded_lines": [], "start_line": 32}, "": {"executed_lines": [5, 7, 8, 11, 17, 32, 57], "summary": {"covered_lines": 7, "num_statements": 7, "percent_covered": 100.0, "percent_covered_display": "100", "missing_lines": 0, "excluded_lines": 0, "percent_statements_covered": 100.0, "percent_statements_covered_display": "100"}, "missing_lines": [], "excluded_lines": [], "start_line": 1}}, "classes": {"": {"executed_lines": [5, 7, 8, 11, 12, 14, 17, 19, 20, 22, 23, 24, 26, 27, 28, 29, 32, 33, 34, 36, 37, 38, 39, 40, 41, 42, 43, 44, 45, 46, 47, 51, 52, 57], "summary": {"covered_lines": 34, "num_statements": 38, "percent_covered": 89.47368421052632, "percent_covered_display": "89", "missing_lines": 4, "excluded_lines": 0, "percent_statements_covered": 89.47368421052632, "percent_statements_covered_display": "89"}, "missing_lines": [13, 48, 49, 54], "excluded_lines": [], "start_line": 1}}}, "src/pyArchimate/writers/archiWriter.py": {"executed_lines": [1, 2, 4, 6, 7, 12, 13, 16, 28, 33, 34, 35, 36, 37, 38, 41, 42, 43, 44, 45, 46, 48, 49, 50, 52, 66, 73, 74, 75, 76, 77, 78, 79, 80, 83, 84, 87, 88, 89, 91, 93, 94, 95, 96, 99, 100, 102, 106, 107, 108, 111, 113, 114, 117, 118, 119, 120, 121, 122, 125, 126, 133, 134, 136, 138, 140, 143, 146, 149, 153, 156, 157, 160, 161, 162, 163, 164, 165, 168, 170, 177, 179, 183, 184, 185, 186, 188, 190, 192, 194, 196, 197, 198, 200, 202, 203, 214, 216, 218, 220, 221, 222, 223, 230, 238, 239, 247, 248, 249, 250, 251, 252, 253, 254, 256, 258, 259, 260, 261, 268, 269, 270, 271, 272, 274, 275, 277, 278, 280, 283, 287, 288, 289, 290, 291, 292, 295, 296, 299, 302, 303, 304, 305, 306, 310], "summary": {"covered_lines": 145, "num_statements": 194, "percent_covered": 74.74226804123711, "percent_covered_display": "75", "missing_lines": 49, "excluded_lines": 0, "percent_statements_covered": 74.74226804123711, "percent_statements_covered_display": "75"}, "missing_lines": [8, 9, 10, 81, 82, 90, 92, 98, 101, 109, 110, 112, 124, 137, 139, 141, 144, 147, 150, 151, 154, 167, 187, 189, 191, 193, 195, 199, 201, 204, 205, 206, 207, 208, 209, 210, 211, 212, 213, 215, 217, 219, 255, 257, 281, 282, 284, 307, 308], "excluded_lines": [], "functions": {"archi_writer": {"executed_lines": [28, 33, 34, 35, 36, 37, 38, 41, 42, 43, 44, 45, 46, 48, 49, 50, 52, 66, 87, 88, 89, 91, 93, 94, 95, 96, 99, 100, 102, 106, 107, 108, 111, 113, 114, 117, 118, 119, 120, 121, 122, 125, 126, 133, 134, 136, 138, 140, 143, 146, 149, 153, 156, 157, 160, 161, 162, 163, 164, 165, 168, 170, 177, 277, 278, 280, 283, 287, 288, 289, 290, 291, 292, 295, 296, 299, 302, 303, 304, 305, 306, 310], "summary": {"covered_lines": 82, "num_statements": 104, "percent_covered": 78.84615384615384, "percent_covered_display": "79", "missing_lines": 22, "excluded_lines": 0, "percent_statements_covered": 78.84615384615384, "percent_statements_covered_display": "79"}, "missing_lines": [90, 92, 98, 101, 109, 110, 112, 124, 137, 139, 141, 144, 147, 150, 151, 154, 167, 281, 282, 284, 307, 308], "excluded_lines": [], "start_line": 16}, "archi_writer._get_folder": {"executed_lines": [73, 74, 75, 76, 77, 78, 79, 80, 83, 84], "summary": {"covered_lines": 10, "num_statements": 12, "percent_covered": 83.33333333333333, "percent_covered_display": "83", "missing_lines": 2, "excluded_lines": 0, "percent_statements_covered": 83.33333333333333, "percent_statements_covered_display": "83"}, "missing_lines": [81, 82], "excluded_lines": [], "start_line": 66}, "archi_writer._add_node": {"executed_lines": [179, 183, 184, 185, 186, 188, 190, 192, 194, 196, 197, 198, 200, 202, 203, 214, 216, 218, 220, 221, 222, 223, 230, 238, 239, 247, 248, 249, 250, 251, 252, 253, 254, 256, 258, 259, 260, 261, 268, 269, 270, 271, 272, 274, 275], "summary": {"covered_lines": 45, "num_statements": 67, "percent_covered": 67.16417910447761, "percent_covered_display": "67", "missing_lines": 22, "excluded_lines": 0, "percent_statements_covered": 67.16417910447761, "percent_statements_covered_display": "67"}, "missing_lines": [187, 189, 191, 193, 195, 199, 201, 204, 205, 206, 207, 208, 209, 210, 211, 212, 213, 215, 217, 219, 255, 257], "excluded_lines": [], "start_line": 177}, "": {"executed_lines": [1, 2, 4, 6, 7, 12, 13, 16], "summary": {"covered_lines": 8, "num_statements": 11, "percent_covered": 72.72727272727273, "percent_covered_display": "73", "missing_lines": 3, "excluded_lines": 0, "percent_statements_covered": 72.72727272727273, "percent_statements_covered_display": "73"}, "missing_lines": [8, 9, 10], "excluded_lines": [], "start_line": 1}}, "classes": {"": {"executed_lines": [1, 2, 4, 6, 7, 12, 13, 16, 28, 33, 34, 35, 36, 37, 38, 41, 42, 43, 44, 45, 46, 48, 49, 50, 52, 66, 73, 74, 75, 76, 77, 78, 79, 80, 83, 84, 87, 88, 89, 91, 93, 94, 95, 96, 99, 100, 102, 106, 107, 108, 111, 113, 114, 117, 118, 119, 120, 121, 122, 125, 126, 133, 134, 136, 138, 140, 143, 146, 149, 153, 156, 157, 160, 161, 162, 163, 164, 165, 168, 170, 177, 179, 183, 184, 185, 186, 188, 190, 192, 194, 196, 197, 198, 200, 202, 203, 214, 216, 218, 220, 221, 222, 223, 230, 238, 239, 247, 248, 249, 250, 251, 252, 253, 254, 256, 258, 259, 260, 261, 268, 269, 270, 271, 272, 274, 275, 277, 278, 280, 283, 287, 288, 289, 290, 291, 292, 295, 296, 299, 302, 303, 304, 305, 306, 310], "summary": {"covered_lines": 145, "num_statements": 194, "percent_covered": 74.74226804123711, "percent_covered_display": "75", "missing_lines": 49, "excluded_lines": 0, "percent_statements_covered": 74.74226804123711, "percent_statements_covered_display": "75"}, "missing_lines": [8, 9, 10, 81, 82, 90, 92, 98, 101, 109, 110, 112, 124, 137, 139, 141, 144, 147, 150, 151, 154, 167, 187, 189, 191, 193, 195, 199, 201, 204, 205, 206, 207, 208, 209, 210, 211, 212, 213, 215, 217, 219, 255, 257, 281, 282, 284, 307, 308], "excluded_lines": [], "start_line": 1}}}, "src/pyArchimate/writers/archimateWriter.py": {"executed_lines": [1, 2, 3, 5, 7, 8, 13, 14, 17, 28, 33, 34, 35, 36, 37, 38, 40, 41, 43, 51, 52, 53, 54, 56, 57, 60, 61, 62, 65, 66, 67, 68, 69, 70, 71, 74, 75, 76, 77, 78, 79, 81, 82, 83, 84, 86, 87, 88, 89, 90, 91, 92, 93, 94, 95, 96, 97, 98, 101, 102, 103, 109, 110, 111, 112, 113, 114, 116, 117, 118, 119, 122, 123, 124, 125, 126, 129, 130, 131, 134, 135, 136, 137, 138, 139, 140, 141, 142, 143, 144, 145, 146, 147, 148, 149, 150, 151, 152, 155, 156, 157, 158, 161, 162, 163, 164, 165, 168, 169, 170, 171, 172, 175, 176, 177, 180, 182, 187, 188, 189, 192, 197, 198, 199, 200, 201, 202, 203, 205, 212, 213, 223, 231, 232, 234, 235, 236, 237, 238, 239, 240, 241, 242, 243, 244, 245, 246, 247, 248, 249, 250, 251, 252, 253, 257, 258, 259, 260, 261, 262, 264, 265, 266, 268, 269, 272, 273, 276, 277, 284, 286, 287, 288, 296, 297, 298, 299, 300, 301, 302, 303, 304, 305, 306, 307, 308, 312, 313, 314, 315, 316, 317, 319, 320, 323, 324, 325, 327, 329, 330, 331, 332, 333, 337], "summary": {"covered_lines": 204, "num_statements": 220, "percent_covered": 92.72727272727273, "percent_covered_display": "93", "missing_lines": 16, "excluded_lines": 0, "percent_statements_covered": 92.72727272727273, "percent_statements_covered_display": "93"}, "missing_lines": [9, 10, 11, 80, 85, 115, 120, 121, 127, 128, 154, 160, 193, 194, 334, 335], "excluded_lines": [], "functions": {"archimate_writer": {"executed_lines": [28, 33, 34, 35, 36, 37, 38, 40, 41, 43, 60, 61, 62, 65, 66, 67, 68, 69, 70, 71, 74, 75, 76, 77, 78, 79, 81, 82, 83, 84, 86, 87, 88, 89, 90, 91, 92, 93, 94, 95, 96, 97, 98, 101, 102, 103, 109, 110, 111, 112, 113, 114, 116, 117, 118, 119, 122, 123, 124, 125, 126, 129, 130, 131, 134, 135, 136, 137, 138, 139, 140, 141, 142, 143, 144, 145, 146, 147, 148, 149, 150, 151, 152, 155, 156, 157, 158, 161, 162, 163, 164, 165, 168, 169, 170, 171, 172, 175, 176, 177, 180, 182, 187, 188, 189, 192, 197, 198, 199, 200, 201, 202, 203, 205, 272, 273, 276, 277, 286, 287, 288, 296, 297, 298, 299, 300, 301, 302, 303, 304, 305, 306, 307, 308, 312, 313, 314, 315, 316, 317, 319, 320, 323, 324, 325, 327, 329, 330, 331, 332, 333, 337], "summary": {"covered_lines": 152, "num_statements": 165, "percent_covered": 92.12121212121212, "percent_covered_display": "92", "missing_lines": 13, "excluded_lines": 0, "percent_statements_covered": 92.12121212121212, "percent_statements_covered_display": "92"}, "missing_lines": [80, 85, 115, 120, 121, 127, 128, 154, 160, 193, 194, 334, 335], "excluded_lines": [], "start_line": 17}, "archimate_writer._get_prop_def_id": {"executed_lines": [51, 52, 53, 54, 56, 57], "summary": {"covered_lines": 6, "num_statements": 6, "percent_covered": 100.0, "percent_covered_display": "100", "missing_lines": 0, "excluded_lines": 0, "percent_statements_covered": 100.0, "percent_statements_covered_display": "100"}, "missing_lines": [], "excluded_lines": [], "start_line": 43}, "archimate_writer._add_node": {"executed_lines": [212, 213, 223, 231, 232, 234, 235, 236, 237, 238, 239, 240, 241, 242, 243, 244, 245, 246, 247, 248, 249, 250, 251, 252, 253, 257, 258, 259, 260, 261, 262, 264, 265, 266, 268, 269], "summary": {"covered_lines": 36, "num_statements": 36, "percent_covered": 100.0, "percent_covered_display": "100", "missing_lines": 0, "excluded_lines": 0, "percent_statements_covered": 100.0, "percent_statements_covered_display": "100"}, "missing_lines": [], "excluded_lines": [], "start_line": 205}, "archimate_writer.is_embedded": {"executed_lines": [284], "summary": {"covered_lines": 1, "num_statements": 1, "percent_covered": 100.0, "percent_covered_display": "100", "missing_lines": 0, "excluded_lines": 0, "percent_statements_covered": 100.0, "percent_statements_covered_display": "100"}, "missing_lines": [], "excluded_lines": [], "start_line": 277}, "": {"executed_lines": [1, 2, 3, 5, 7, 8, 13, 14, 17], "summary": {"covered_lines": 9, "num_statements": 12, "percent_covered": 75.0, "percent_covered_display": "75", "missing_lines": 3, "excluded_lines": 0, "percent_statements_covered": 75.0, "percent_statements_covered_display": "75"}, "missing_lines": [9, 10, 11], "excluded_lines": [], "start_line": 1}}, "classes": {"": {"executed_lines": [1, 2, 3, 5, 7, 8, 13, 14, 17, 28, 33, 34, 35, 36, 37, 38, 40, 41, 43, 51, 52, 53, 54, 56, 57, 60, 61, 62, 65, 66, 67, 68, 69, 70, 71, 74, 75, 76, 77, 78, 79, 81, 82, 83, 84, 86, 87, 88, 89, 90, 91, 92, 93, 94, 95, 96, 97, 98, 101, 102, 103, 109, 110, 111, 112, 113, 114, 116, 117, 118, 119, 122, 123, 124, 125, 126, 129, 130, 131, 134, 135, 136, 137, 138, 139, 140, 141, 142, 143, 144, 145, 146, 147, 148, 149, 150, 151, 152, 155, 156, 157, 158, 161, 162, 163, 164, 165, 168, 169, 170, 171, 172, 175, 176, 177, 180, 182, 187, 188, 189, 192, 197, 198, 199, 200, 201, 202, 203, 205, 212, 213, 223, 231, 232, 234, 235, 236, 237, 238, 239, 240, 241, 242, 243, 244, 245, 246, 247, 248, 249, 250, 251, 252, 253, 257, 258, 259, 260, 261, 262, 264, 265, 266, 268, 269, 272, 273, 276, 277, 284, 286, 287, 288, 296, 297, 298, 299, 300, 301, 302, 303, 304, 305, 306, 307, 308, 312, 313, 314, 315, 316, 317, 319, 320, 323, 324, 325, 327, 329, 330, 331, 332, 333, 337], "summary": {"covered_lines": 204, "num_statements": 220, "percent_covered": 92.72727272727273, "percent_covered_display": "93", "missing_lines": 16, "excluded_lines": 0, "percent_statements_covered": 92.72727272727273, "percent_statements_covered_display": "93"}, "missing_lines": [9, 10, 11, 80, 85, 115, 120, 121, 127, 128, 154, 160, 193, 194, 334, 335], "excluded_lines": [], "start_line": 1}}}, "src/pyArchimate/writers/csvWriter.py": {"executed_lines": [5, 7, 8, 13, 14, 17, 29, 30, 31, 32, 33, 34, 36, 37, 38, 40, 41, 42, 43, 44, 45, 46, 47, 49, 50, 51, 52, 53, 54, 55, 56, 57, 58, 60, 61, 62, 64, 65, 66, 67, 68, 69, 70, 71], "summary": {"covered_lines": 44, "num_statements": 48, "percent_covered": 91.66666666666667, "percent_covered_display": "92", "missing_lines": 4, "excluded_lines": 0, "percent_statements_covered": 91.66666666666667, "percent_statements_covered_display": "92"}, "missing_lines": [9, 10, 11, 59], "excluded_lines": [], "functions": {"csv_writer": {"executed_lines": [29, 40, 49, 64, 65, 66, 67, 68, 69, 70, 71], "summary": {"covered_lines": 11, "num_statements": 11, "percent_covered": 100.0, "percent_covered_display": "100", "missing_lines": 0, "excluded_lines": 0, "percent_statements_covered": 100.0, "percent_statements_covered_display": "100"}, "missing_lines": [], "excluded_lines": [], "start_line": 17}, "csv_writer.convert_elements": {"executed_lines": [30, 31, 32, 33, 34, 36, 37, 38], "summary": {"covered_lines": 8, "num_statements": 8, "percent_covered": 100.0, "percent_covered_display": "100", "missing_lines": 0, "excluded_lines": 0, "percent_statements_covered": 100.0, "percent_statements_covered_display": "100"}, "missing_lines": [], "excluded_lines": [], "start_line": 29}, "csv_writer.convert_relationships": {"executed_lines": [41, 42, 43, 44, 45, 46, 47], "summary": {"covered_lines": 7, "num_statements": 7, "percent_covered": 100.0, "percent_covered_display": "100", "missing_lines": 0, "excluded_lines": 0, "percent_statements_covered": 100.0, "percent_statements_covered_display": "100"}, "missing_lines": [], "excluded_lines": [], "start_line": 40}, "csv_writer.convert_properties": {"executed_lines": [50, 51, 52, 53, 54, 55, 56, 57, 58, 60, 61, 62], "summary": {"covered_lines": 12, "num_statements": 13, "percent_covered": 92.3076923076923, "percent_covered_display": "92", "missing_lines": 1, "excluded_lines": 0, "percent_statements_covered": 92.3076923076923, "percent_statements_covered_display": "92"}, "missing_lines": [59], "excluded_lines": [], "start_line": 49}, "": {"executed_lines": [5, 7, 8, 13, 14, 17], "summary": {"covered_lines": 6, "num_statements": 9, "percent_covered": 66.66666666666667, "percent_covered_display": "67", "missing_lines": 3, "excluded_lines": 0, "percent_statements_covered": 66.66666666666667, "percent_statements_covered_display": "67"}, "missing_lines": [9, 10, 11], "excluded_lines": [], "start_line": 1}}, "classes": {"": {"executed_lines": [5, 7, 8, 13, 14, 17, 29, 30, 31, 32, 33, 34, 36, 37, 38, 40, 41, 42, 43, 44, 45, 46, 47, 49, 50, 51, 52, 53, 54, 55, 56, 57, 58, 60, 61, 62, 64, 65, 66, 67, 68, 69, 70, 71], "summary": {"covered_lines": 44, "num_statements": 48, "percent_covered": 91.66666666666667, "percent_covered_display": "92", "missing_lines": 4, "excluded_lines": 0, "percent_statements_covered": 91.66666666666667, "percent_statements_covered_display": "92"}, "missing_lines": [9, 10, 11, 59], "excluded_lines": [], "start_line": 1}}}}, "totals": {"covered_lines": 2034, "num_statements": 2817, "percent_covered": 72.20447284345047, "percent_covered_display": "72", "missing_lines": 783, "excluded_lines": 6, "percent_statements_covered": 72.20447284345047, "percent_statements_covered_display": "72"}}